{
  "numFailedTestSuites": 1,
  "numFailedTests": 21,
  "numPassedTestSuites": 0,
  "numPassedTests": 20,
  "numPendingTestSuites": 0,
  "numPendingTests": 0,
  "numRuntimeErrorTestSuites": 0,
  "numTodoTests": 0,
  "numTotalTestSuites": 1,
  "numTotalTests": 41,
  "openHandles": [],
  "snapshot": {
    "added": 0,
    "didUpdate": false,
    "failure": false,
    "filesAdded": 0,
    "filesRemoved": 0,
    "filesRemovedList": [],
    "filesUnmatched": 0,
    "filesUpdated": 0,
    "matched": 0,
    "total": 0,
    "unchecked": 0,
    "uncheckedKeysByFile": [],
    "unmatched": 0,
    "updated": 0
  },
  "startTime": 1689019116905,
  "success": false,
  "testResults": [
    {
      "leaks": false,
      "numFailingTests": 21,
      "numPassingTests": 20,
      "numPendingTests": 0,
      "numTodoTests": 0,
      "openHandles": [],
      "perfStats": {
        "end": 1689019117647,
        "runtime": 674,
        "slow": false,
        "start": 1689019116973
      },
      "skipped": false,
      "snapshot": {
        "added": 0,
        "fileDeleted": false,
        "matched": 0,
        "unchecked": 0,
        "uncheckedKeys": [],
        "unmatched": 0,
        "updated": 0
      },
      "testFilePath": "/home/manuel/Documentos/vscode/_Js/ita-angular-jses6/tests/films.spec.js",
      "testResults": [
        {
          "ancestorTitles": [
            "Function \"getAllDirectors\""
          ],
          "duration": 2,
          "failureDetails": [],
          "failureMessages": [],
          "fullName": "Function \"getAllDirectors\" should be declared",
          "invocations": 1,
          "location": null,
          "numPassingAsserts": 0,
          "status": "passed",
          "title": "should be declared"
        },
        {
          "ancestorTitles": [
            "Function \"getAllDirectors\""
          ],
          "duration": 53,
          "failureDetails": [],
          "failureMessages": [],
          "fullName": "Function \"getAllDirectors\" should return an array",
          "invocations": 1,
          "location": null,
          "numPassingAsserts": 0,
          "status": "passed",
          "title": "should return an array"
        },
        {
          "ancestorTitles": [
            "Function \"getAllDirectors\""
          ],
          "duration": 6,
          "failureDetails": [],
          "failureMessages": [],
          "fullName": "Function \"getAllDirectors\" should return a new array, not update the original one",
          "invocations": 1,
          "location": null,
          "numPassingAsserts": 0,
          "status": "passed",
          "title": "should return a new array, not update the original one"
        },
        {
          "ancestorTitles": [
            "Function \"getAllDirectors\""
          ],
          "duration": 3,
          "failureDetails": [],
          "failureMessages": [],
          "fullName": "Function \"getAllDirectors\" should return a new array with the same length as the original one",
          "invocations": 1,
          "location": null,
          "numPassingAsserts": 0,
          "status": "passed",
          "title": "should return a new array with the same length as the original one"
        },
        {
          "ancestorTitles": [
            "Function \"getMoviesFromDirector\""
          ],
          "duration": 0,
          "failureDetails": [],
          "failureMessages": [],
          "fullName": "Function \"getMoviesFromDirector\" should be declared",
          "invocations": 1,
          "location": null,
          "numPassingAsserts": 0,
          "status": "passed",
          "title": "should be declared"
        },
        {
          "ancestorTitles": [
            "Function \"getMoviesFromDirector\""
          ],
          "duration": 3,
          "failureDetails": [],
          "failureMessages": [],
          "fullName": "Function \"getMoviesFromDirector\" should return an array",
          "invocations": 1,
          "location": null,
          "numPassingAsserts": 0,
          "status": "passed",
          "title": "should return an array"
        },
        {
          "ancestorTitles": [
            "Function \"getMoviesFromDirector\""
          ],
          "duration": 8,
          "failureDetails": [],
          "failureMessages": [],
          "fullName": "Function \"getMoviesFromDirector\" should return a new array, not update the original one",
          "invocations": 1,
          "location": null,
          "numPassingAsserts": 0,
          "status": "passed",
          "title": "should return a new array, not update the original one"
        },
        {
          "ancestorTitles": [
            "Function \"getMoviesFromDirector\""
          ],
          "duration": 6,
          "failureDetails": [],
          "failureMessages": [],
          "fullName": "Function \"getMoviesFromDirector\" should return a new array with the movies from director",
          "invocations": 1,
          "location": null,
          "numPassingAsserts": 0,
          "status": "passed",
          "title": "should return a new array with the movies from director"
        },
        {
          "ancestorTitles": [
            "Function \"moviesAverageOfDirector\""
          ],
          "duration": 1,
          "failureDetails": [],
          "failureMessages": [],
          "fullName": "Function \"moviesAverageOfDirector\" should be declared",
          "invocations": 1,
          "location": null,
          "numPassingAsserts": 0,
          "status": "passed",
          "title": "should be declared"
        },
        {
          "ancestorTitles": [
            "Function \"moviesAverageOfDirector\""
          ],
          "duration": 8,
          "failureDetails": [],
          "failureMessages": [],
          "fullName": "Function \"moviesAverageOfDirector\" should return a number",
          "invocations": 1,
          "location": null,
          "numPassingAsserts": 0,
          "status": "passed",
          "title": "should return a number"
        },
        {
          "ancestorTitles": [
            "Function \"moviesAverageOfDirector\""
          ],
          "duration": 7,
          "failureDetails": [],
          "failureMessages": [],
          "fullName": "Function \"moviesAverageOfDirector\"  should return the average score of movies selecting only the director films. With 2 decimals! ",
          "invocations": 1,
          "location": null,
          "numPassingAsserts": 0,
          "status": "passed",
          "title": " should return the average score of movies selecting only the director films. With 2 decimals! "
        },
        {
          "ancestorTitles": [
            "Function \"orderAlphabetically\""
          ],
          "duration": 0,
          "failureDetails": [],
          "failureMessages": [],
          "fullName": "Function \"orderAlphabetically\" should be declared",
          "invocations": 1,
          "location": null,
          "numPassingAsserts": 0,
          "status": "passed",
          "title": "should be declared"
        },
        {
          "ancestorTitles": [
            "Function \"orderAlphabetically\""
          ],
          "duration": 6,
          "failureDetails": [
            {
              "matcherResult": {
                "actual": "undefined",
                "expected": "object",
                "message": "\u001b[2mexpect(\u001b[22m\u001b[31mreceived\u001b[39m\u001b[2m).\u001b[22mtoBe\u001b[2m(\u001b[22m\u001b[32mexpected\u001b[39m\u001b[2m) // Object.is equality\u001b[22m\n\nExpected: \u001b[32m\"object\"\u001b[39m\nReceived: \u001b[31m\"undefined\"\u001b[39m",
                "name": "toBe",
                "pass": false
              }
            }
          ],
          "failureMessages": [
            "Error: \u001b[2mexpect(\u001b[22m\u001b[31mreceived\u001b[39m\u001b[2m).\u001b[22mtoBe\u001b[2m(\u001b[22m\u001b[32mexpected\u001b[39m\u001b[2m) // Object.is equality\u001b[22m\n\nExpected: \u001b[32m\"object\"\u001b[39m\nReceived: \u001b[31m\"undefined\"\u001b[39m\n    at Object.<anonymous> (/home/manuel/Documentos/vscode/_Js/ita-angular-jses6/tests/films.spec.js:148:44)\n    at Promise.then.completed (/home/manuel/Documentos/vscode/_Js/ita-angular-jses6/node_modules/jest-circus/build/utils.js:391:28)\n    at new Promise (<anonymous>)\n    at callAsyncCircusFn (/home/manuel/Documentos/vscode/_Js/ita-angular-jses6/node_modules/jest-circus/build/utils.js:316:10)\n    at _callCircusTest (/home/manuel/Documentos/vscode/_Js/ita-angular-jses6/node_modules/jest-circus/build/run.js:218:40)\n    at processTicksAndRejections (internal/process/task_queues.js:97:5)\n    at _runTest (/home/manuel/Documentos/vscode/_Js/ita-angular-jses6/node_modules/jest-circus/build/run.js:155:3)\n    at _runTestsForDescribeBlock (/home/manuel/Documentos/vscode/_Js/ita-angular-jses6/node_modules/jest-circus/build/run.js:66:9)\n    at _runTestsForDescribeBlock (/home/manuel/Documentos/vscode/_Js/ita-angular-jses6/node_modules/jest-circus/build/run.js:60:9)\n    at run (/home/manuel/Documentos/vscode/_Js/ita-angular-jses6/node_modules/jest-circus/build/run.js:25:3)"
          ],
          "fullName": "Function \"orderAlphabetically\" should return an array",
          "invocations": 1,
          "location": null,
          "numPassingAsserts": 0,
          "status": "failed",
          "title": "should return an array"
        },
        {
          "ancestorTitles": [
            "Function \"orderAlphabetically\""
          ],
          "duration": 0,
          "failureDetails": [],
          "failureMessages": [],
          "fullName": "Function \"orderAlphabetically\" should not mutate the original array",
          "invocations": 1,
          "location": null,
          "numPassingAsserts": 0,
          "status": "passed",
          "title": "should not mutate the original array"
        },
        {
          "ancestorTitles": [
            "Function \"orderAlphabetically\""
          ],
          "duration": 1,
          "failureDetails": [
            {}
          ],
          "failureMessages": [
            "TypeError: Cannot read property '0' of undefined\n    at Object.<anonymous> (/home/manuel/Documentos/vscode/_Js/ita-angular-jses6/tests/films.spec.js:158:58)\n    at Promise.then.completed (/home/manuel/Documentos/vscode/_Js/ita-angular-jses6/node_modules/jest-circus/build/utils.js:391:28)\n    at new Promise (<anonymous>)\n    at callAsyncCircusFn (/home/manuel/Documentos/vscode/_Js/ita-angular-jses6/node_modules/jest-circus/build/utils.js:316:10)\n    at _callCircusTest (/home/manuel/Documentos/vscode/_Js/ita-angular-jses6/node_modules/jest-circus/build/run.js:218:40)\n    at processTicksAndRejections (internal/process/task_queues.js:97:5)\n    at _runTest (/home/manuel/Documentos/vscode/_Js/ita-angular-jses6/node_modules/jest-circus/build/run.js:155:3)\n    at _runTestsForDescribeBlock (/home/manuel/Documentos/vscode/_Js/ita-angular-jses6/node_modules/jest-circus/build/run.js:66:9)\n    at _runTestsForDescribeBlock (/home/manuel/Documentos/vscode/_Js/ita-angular-jses6/node_modules/jest-circus/build/run.js:60:9)\n    at run (/home/manuel/Documentos/vscode/_Js/ita-angular-jses6/node_modules/jest-circus/build/run.js:25:3)"
          ],
          "fullName": "Function \"orderAlphabetically\" should only return the title of the movies, each value should be a string",
          "invocations": 1,
          "location": null,
          "numPassingAsserts": 0,
          "status": "failed",
          "title": "should only return the title of the movies, each value should be a string"
        },
        {
          "ancestorTitles": [
            "Function \"orderAlphabetically\""
          ],
          "duration": 0,
          "failureDetails": [
            {}
          ],
          "failureMessages": [
            "Error: \u001b[2mexpect(\u001b[22m\u001b[31mreceived\u001b[39m\u001b[2m).\u001b[22mtoHaveLength\u001b[2m(\u001b[22m\u001b[32mexpected\u001b[39m\u001b[2m)\u001b[22m\n\n\u001b[1mMatcher error\u001b[22m: \u001b[31mreceived\u001b[39m value must have a length property whose value must be a number\n\nReceived has value: \u001b[31mundefined\u001b[39m\n    at Object.<anonymous> (/home/manuel/Documentos/vscode/_Js/ita-angular-jses6/tests/films.spec.js:163:44)\n    at Promise.then.completed (/home/manuel/Documentos/vscode/_Js/ita-angular-jses6/node_modules/jest-circus/build/utils.js:391:28)\n    at new Promise (<anonymous>)\n    at callAsyncCircusFn (/home/manuel/Documentos/vscode/_Js/ita-angular-jses6/node_modules/jest-circus/build/utils.js:316:10)\n    at _callCircusTest (/home/manuel/Documentos/vscode/_Js/ita-angular-jses6/node_modules/jest-circus/build/run.js:218:40)\n    at processTicksAndRejections (internal/process/task_queues.js:97:5)\n    at _runTest (/home/manuel/Documentos/vscode/_Js/ita-angular-jses6/node_modules/jest-circus/build/run.js:155:3)\n    at _runTestsForDescribeBlock (/home/manuel/Documentos/vscode/_Js/ita-angular-jses6/node_modules/jest-circus/build/run.js:66:9)\n    at _runTestsForDescribeBlock (/home/manuel/Documentos/vscode/_Js/ita-angular-jses6/node_modules/jest-circus/build/run.js:60:9)\n    at run (/home/manuel/Documentos/vscode/_Js/ita-angular-jses6/node_modules/jest-circus/build/run.js:25:3)"
          ],
          "fullName": "Function \"orderAlphabetically\" should return all of items when the array passed has fewer than 20 items",
          "invocations": 1,
          "location": null,
          "numPassingAsserts": 0,
          "status": "failed",
          "title": "should return all of items when the array passed has fewer than 20 items"
        },
        {
          "ancestorTitles": [
            "Function \"orderAlphabetically\""
          ],
          "duration": 2,
          "failureDetails": [
            {
              "matcherResult": {
                "expected": [
                  "aaa",
                  "aab",
                  "abb",
                  "abc",
                  "acb"
                ],
                "message": "\u001b[2mexpect(\u001b[22m\u001b[31mreceived\u001b[39m\u001b[2m).\u001b[22mtoEqual\u001b[2m(\u001b[22m\u001b[32mexpected\u001b[39m\u001b[2m) // deep equality\u001b[22m\n\nExpected: \u001b[32m[\"aaa\", \"aab\", \"abb\", \"abc\", \"acb\"]\u001b[39m\nReceived: \u001b[31mundefined\u001b[39m",
                "name": "toEqual",
                "pass": false
              }
            }
          ],
          "failureMessages": [
            "Error: \u001b[2mexpect(\u001b[22m\u001b[31mreceived\u001b[39m\u001b[2m).\u001b[22mtoEqual\u001b[2m(\u001b[22m\u001b[32mexpected\u001b[39m\u001b[2m) // deep equality\u001b[22m\n\nExpected: \u001b[32m[\"aaa\", \"aab\", \"abb\", \"abc\", \"acb\"]\u001b[39m\nReceived: \u001b[31mundefined\u001b[39m\n    at Object.<anonymous> (/home/manuel/Documentos/vscode/_Js/ita-angular-jses6/tests/films.spec.js:175:44)\n    at Promise.then.completed (/home/manuel/Documentos/vscode/_Js/ita-angular-jses6/node_modules/jest-circus/build/utils.js:391:28)\n    at new Promise (<anonymous>)\n    at callAsyncCircusFn (/home/manuel/Documentos/vscode/_Js/ita-angular-jses6/node_modules/jest-circus/build/utils.js:316:10)\n    at _callCircusTest (/home/manuel/Documentos/vscode/_Js/ita-angular-jses6/node_modules/jest-circus/build/run.js:218:40)\n    at processTicksAndRejections (internal/process/task_queues.js:97:5)\n    at _runTest (/home/manuel/Documentos/vscode/_Js/ita-angular-jses6/node_modules/jest-circus/build/run.js:155:3)\n    at _runTestsForDescribeBlock (/home/manuel/Documentos/vscode/_Js/ita-angular-jses6/node_modules/jest-circus/build/run.js:66:9)\n    at _runTestsForDescribeBlock (/home/manuel/Documentos/vscode/_Js/ita-angular-jses6/node_modules/jest-circus/build/run.js:60:9)\n    at run (/home/manuel/Documentos/vscode/_Js/ita-angular-jses6/node_modules/jest-circus/build/run.js:25:3)"
          ],
          "fullName": "Function \"orderAlphabetically\" should order them alphabetically.",
          "invocations": 1,
          "location": null,
          "numPassingAsserts": 0,
          "status": "failed",
          "title": "should order them alphabetically."
        },
        {
          "ancestorTitles": [
            "Function \"orderAlphabetically\""
          ],
          "duration": 1,
          "failureDetails": [
            {
              "matcherResult": {
                "expected": [
                  "aaa",
                  "aab",
                  "acb",
                  "acs",
                  "afb",
                  "agb",
                  "anc",
                  "apo",
                  "bab",
                  "bbb",
                  "bbt",
                  "bca",
                  "bvc",
                  "ccc",
                  "cdf",
                  "era",
                  "ert",
                  "frt",
                  "gda",
                  "gha"
                ],
                "message": "\u001b[2mexpect(\u001b[22m\u001b[31mreceived\u001b[39m\u001b[2m).\u001b[22mtoEqual\u001b[2m(\u001b[22m\u001b[32mexpected\u001b[39m\u001b[2m) // deep equality\u001b[22m\n\nExpected: \u001b[32m[\"aaa\", \"aab\", \"acb\", \"acs\", \"afb\", \"agb\", \"anc\", \"apo\", \"bab\", \"bbb\", \"bbt\", \"bca\", \"bvc\", \"ccc\", \"cdf\", \"era\", \"ert\", \"frt\", \"gda\", \"gha\"]\u001b[39m\nReceived: \u001b[31mundefined\u001b[39m",
                "name": "toEqual",
                "pass": false
              }
            }
          ],
          "failureMessages": [
            "Error: \u001b[2mexpect(\u001b[22m\u001b[31mreceived\u001b[39m\u001b[2m).\u001b[22mtoEqual\u001b[2m(\u001b[22m\u001b[32mexpected\u001b[39m\u001b[2m) // deep equality\u001b[22m\n\nExpected: \u001b[32m[\"aaa\", \"aab\", \"acb\", \"acs\", \"afb\", \"agb\", \"anc\", \"apo\", \"bab\", \"bbb\", \"bbt\", \"bca\", \"bvc\", \"ccc\", \"cdf\", \"era\", \"ert\", \"frt\", \"gda\", \"gha\"]\u001b[39m\nReceived: \u001b[31mundefined\u001b[39m\n    at Object.<anonymous> (/home/manuel/Documentos/vscode/_Js/ita-angular-jses6/tests/films.spec.js:224:44)\n    at Promise.then.completed (/home/manuel/Documentos/vscode/_Js/ita-angular-jses6/node_modules/jest-circus/build/utils.js:391:28)\n    at new Promise (<anonymous>)\n    at callAsyncCircusFn (/home/manuel/Documentos/vscode/_Js/ita-angular-jses6/node_modules/jest-circus/build/utils.js:316:10)\n    at _callCircusTest (/home/manuel/Documentos/vscode/_Js/ita-angular-jses6/node_modules/jest-circus/build/run.js:218:40)\n    at processTicksAndRejections (internal/process/task_queues.js:97:5)\n    at _runTest (/home/manuel/Documentos/vscode/_Js/ita-angular-jses6/node_modules/jest-circus/build/run.js:155:3)\n    at _runTestsForDescribeBlock (/home/manuel/Documentos/vscode/_Js/ita-angular-jses6/node_modules/jest-circus/build/run.js:66:9)\n    at _runTestsForDescribeBlock (/home/manuel/Documentos/vscode/_Js/ita-angular-jses6/node_modules/jest-circus/build/run.js:60:9)\n    at run (/home/manuel/Documentos/vscode/_Js/ita-angular-jses6/node_modules/jest-circus/build/run.js:25:3)"
          ],
          "fullName": "Function \"orderAlphabetically\" should return the top 20 after ordering them alphabetically.",
          "invocations": 1,
          "location": null,
          "numPassingAsserts": 0,
          "status": "failed",
          "title": "should return the top 20 after ordering them alphabetically."
        },
        {
          "ancestorTitles": [
            "Function \"orderByYear\""
          ],
          "duration": 1,
          "failureDetails": [],
          "failureMessages": [],
          "fullName": "Function \"orderByYear\" should be declared",
          "invocations": 1,
          "location": null,
          "numPassingAsserts": 0,
          "status": "passed",
          "title": "should be declared"
        },
        {
          "ancestorTitles": [
            "Function \"orderByYear\""
          ],
          "duration": 1,
          "failureDetails": [
            {
              "matcherResult": {
                "actual": "undefined",
                "expected": "object",
                "message": "\u001b[2mexpect(\u001b[22m\u001b[31mreceived\u001b[39m\u001b[2m).\u001b[22mtoBe\u001b[2m(\u001b[22m\u001b[32mexpected\u001b[39m\u001b[2m) // Object.is equality\u001b[22m\n\nExpected: \u001b[32m\"object\"\u001b[39m\nReceived: \u001b[31m\"undefined\"\u001b[39m",
                "name": "toBe",
                "pass": false
              }
            }
          ],
          "failureMessages": [
            "Error: \u001b[2mexpect(\u001b[22m\u001b[31mreceived\u001b[39m\u001b[2m).\u001b[22mtoBe\u001b[2m(\u001b[22m\u001b[32mexpected\u001b[39m\u001b[2m) // Object.is equality\u001b[22m\n\nExpected: \u001b[32m\"object\"\u001b[39m\nReceived: \u001b[31m\"undefined\"\u001b[39m\n    at Object.<anonymous> (/home/manuel/Documentos/vscode/_Js/ita-angular-jses6/tests/films.spec.js:256:40)\n    at Promise.then.completed (/home/manuel/Documentos/vscode/_Js/ita-angular-jses6/node_modules/jest-circus/build/utils.js:391:28)\n    at new Promise (<anonymous>)\n    at callAsyncCircusFn (/home/manuel/Documentos/vscode/_Js/ita-angular-jses6/node_modules/jest-circus/build/utils.js:316:10)\n    at _callCircusTest (/home/manuel/Documentos/vscode/_Js/ita-angular-jses6/node_modules/jest-circus/build/run.js:218:40)\n    at processTicksAndRejections (internal/process/task_queues.js:97:5)\n    at _runTest (/home/manuel/Documentos/vscode/_Js/ita-angular-jses6/node_modules/jest-circus/build/run.js:155:3)\n    at _runTestsForDescribeBlock (/home/manuel/Documentos/vscode/_Js/ita-angular-jses6/node_modules/jest-circus/build/run.js:66:9)\n    at _runTestsForDescribeBlock (/home/manuel/Documentos/vscode/_Js/ita-angular-jses6/node_modules/jest-circus/build/run.js:60:9)\n    at run (/home/manuel/Documentos/vscode/_Js/ita-angular-jses6/node_modules/jest-circus/build/run.js:25:3)"
          ],
          "fullName": "Function \"orderByYear\" should return an array",
          "invocations": 1,
          "location": null,
          "numPassingAsserts": 0,
          "status": "failed",
          "title": "should return an array"
        },
        {
          "ancestorTitles": [
            "Function \"orderByYear\""
          ],
          "duration": 1,
          "failureDetails": [],
          "failureMessages": [],
          "fullName": "Function \"orderByYear\" should return a new array",
          "invocations": 1,
          "location": null,
          "numPassingAsserts": 0,
          "status": "passed",
          "title": "should return a new array"
        },
        {
          "ancestorTitles": [
            "Function \"orderByYear\""
          ],
          "duration": 1,
          "failureDetails": [
            {
              "matcherResult": {
                "expected": [
                  {
                    "year": 1982
                  }
                ],
                "message": "\u001b[2mexpect(\u001b[22m\u001b[31mreceived\u001b[39m\u001b[2m).\u001b[22mtoEqual\u001b[2m(\u001b[22m\u001b[32mexpected\u001b[39m\u001b[2m) // deep equality\u001b[22m\n\nExpected: \u001b[32m[{\"year\": 1982}]\u001b[39m\nReceived: \u001b[31mundefined\u001b[39m",
                "name": "toEqual",
                "pass": false
              }
            }
          ],
          "failureMessages": [
            "Error: \u001b[2mexpect(\u001b[22m\u001b[31mreceived\u001b[39m\u001b[2m).\u001b[22mtoEqual\u001b[2m(\u001b[22m\u001b[32mexpected\u001b[39m\u001b[2m) // deep equality\u001b[22m\n\nExpected: \u001b[32m[{\"year\": 1982}]\u001b[39m\nReceived: \u001b[31mundefined\u001b[39m\n    at Object.<anonymous> (/home/manuel/Documentos/vscode/_Js/ita-angular-jses6/tests/films.spec.js:265:43)\n    at Promise.then.completed (/home/manuel/Documentos/vscode/_Js/ita-angular-jses6/node_modules/jest-circus/build/utils.js:391:28)\n    at new Promise (<anonymous>)\n    at callAsyncCircusFn (/home/manuel/Documentos/vscode/_Js/ita-angular-jses6/node_modules/jest-circus/build/utils.js:316:10)\n    at _callCircusTest (/home/manuel/Documentos/vscode/_Js/ita-angular-jses6/node_modules/jest-circus/build/run.js:218:40)\n    at processTicksAndRejections (internal/process/task_queues.js:97:5)\n    at _runTest (/home/manuel/Documentos/vscode/_Js/ita-angular-jses6/node_modules/jest-circus/build/run.js:155:3)\n    at _runTestsForDescribeBlock (/home/manuel/Documentos/vscode/_Js/ita-angular-jses6/node_modules/jest-circus/build/run.js:66:9)\n    at _runTestsForDescribeBlock (/home/manuel/Documentos/vscode/_Js/ita-angular-jses6/node_modules/jest-circus/build/run.js:60:9)\n    at run (/home/manuel/Documentos/vscode/_Js/ita-angular-jses6/node_modules/jest-circus/build/run.js:25:3)"
          ],
          "fullName": "Function \"orderByYear\" should return the element in a single element array",
          "invocations": 1,
          "location": null,
          "numPassingAsserts": 0,
          "status": "failed",
          "title": "should return the element in a single element array"
        },
        {
          "ancestorTitles": [
            "Function \"orderByYear\""
          ],
          "duration": 1,
          "failureDetails": [
            {
              "matcherResult": {
                "expected": [
                  {
                    "year": 1982
                  },
                  {
                    "year": 1995
                  },
                  {
                    "year": 2002
                  }
                ],
                "message": "\u001b[2mexpect(\u001b[22m\u001b[31mreceived\u001b[39m\u001b[2m).\u001b[22mtoEqual\u001b[2m(\u001b[22m\u001b[32mexpected\u001b[39m\u001b[2m) // deep equality\u001b[22m\n\nExpected: \u001b[32m[{\"year\": 1982}, {\"year\": 1995}, {\"year\": 2002}]\u001b[39m\nReceived: \u001b[31mundefined\u001b[39m",
                "name": "toEqual",
                "pass": false
              }
            }
          ],
          "failureMessages": [
            "Error: \u001b[2mexpect(\u001b[22m\u001b[31mreceived\u001b[39m\u001b[2m).\u001b[22mtoEqual\u001b[2m(\u001b[22m\u001b[32mexpected\u001b[39m\u001b[2m) // deep equality\u001b[22m\n\nExpected: \u001b[32m[{\"year\": 1982}, {\"year\": 1995}, {\"year\": 2002}]\u001b[39m\nReceived: \u001b[31mundefined\u001b[39m\n    at Object.<anonymous> (/home/manuel/Documentos/vscode/_Js/ita-angular-jses6/tests/films.spec.js:271:7)\n    at Promise.then.completed (/home/manuel/Documentos/vscode/_Js/ita-angular-jses6/node_modules/jest-circus/build/utils.js:391:28)\n    at new Promise (<anonymous>)\n    at callAsyncCircusFn (/home/manuel/Documentos/vscode/_Js/ita-angular-jses6/node_modules/jest-circus/build/utils.js:316:10)\n    at _callCircusTest (/home/manuel/Documentos/vscode/_Js/ita-angular-jses6/node_modules/jest-circus/build/run.js:218:40)\n    at processTicksAndRejections (internal/process/task_queues.js:97:5)\n    at _runTest (/home/manuel/Documentos/vscode/_Js/ita-angular-jses6/node_modules/jest-circus/build/run.js:155:3)\n    at _runTestsForDescribeBlock (/home/manuel/Documentos/vscode/_Js/ita-angular-jses6/node_modules/jest-circus/build/run.js:66:9)\n    at _runTestsForDescribeBlock (/home/manuel/Documentos/vscode/_Js/ita-angular-jses6/node_modules/jest-circus/build/run.js:60:9)\n    at run (/home/manuel/Documentos/vscode/_Js/ita-angular-jses6/node_modules/jest-circus/build/run.js:25:3)"
          ],
          "fullName": "Function \"orderByYear\" should return the new array in ascending order",
          "invocations": 1,
          "location": null,
          "numPassingAsserts": 0,
          "status": "failed",
          "title": "should return the new array in ascending order"
        },
        {
          "ancestorTitles": [
            "Function \"orderByYear\""
          ],
          "duration": 2,
          "failureDetails": [
            {
              "matcherResult": {
                "expected": [
                  {
                    "title": "aab",
                    "year": 1982
                  },
                  {
                    "title": "bac",
                    "year": 1982
                  },
                  {
                    "title": "abc",
                    "year": 2002
                  }
                ],
                "message": "\u001b[2mexpect(\u001b[22m\u001b[31mreceived\u001b[39m\u001b[2m).\u001b[22mtoEqual\u001b[2m(\u001b[22m\u001b[32mexpected\u001b[39m\u001b[2m) // deep equality\u001b[22m\n\nExpected: \u001b[32m[{\"title\": \"aab\", \"year\": 1982}, {\"title\": \"bac\", \"year\": 1982}, {\"title\": \"abc\", \"year\": 2002}]\u001b[39m\nReceived: \u001b[31mundefined\u001b[39m",
                "name": "toEqual",
                "pass": false
              }
            }
          ],
          "failureMessages": [
            "Error: \u001b[2mexpect(\u001b[22m\u001b[31mreceived\u001b[39m\u001b[2m).\u001b[22mtoEqual\u001b[2m(\u001b[22m\u001b[32mexpected\u001b[39m\u001b[2m) // deep equality\u001b[22m\n\nExpected: \u001b[32m[{\"title\": \"aab\", \"year\": 1982}, {\"title\": \"bac\", \"year\": 1982}, {\"title\": \"abc\", \"year\": 2002}]\u001b[39m\nReceived: \u001b[31mundefined\u001b[39m\n    at Object.<anonymous> (/home/manuel/Documentos/vscode/_Js/ita-angular-jses6/tests/films.spec.js:281:7)\n    at Promise.then.completed (/home/manuel/Documentos/vscode/_Js/ita-angular-jses6/node_modules/jest-circus/build/utils.js:391:28)\n    at new Promise (<anonymous>)\n    at callAsyncCircusFn (/home/manuel/Documentos/vscode/_Js/ita-angular-jses6/node_modules/jest-circus/build/utils.js:316:10)\n    at _callCircusTest (/home/manuel/Documentos/vscode/_Js/ita-angular-jses6/node_modules/jest-circus/build/run.js:218:40)\n    at processTicksAndRejections (internal/process/task_queues.js:97:5)\n    at _runTest (/home/manuel/Documentos/vscode/_Js/ita-angular-jses6/node_modules/jest-circus/build/run.js:155:3)\n    at _runTestsForDescribeBlock (/home/manuel/Documentos/vscode/_Js/ita-angular-jses6/node_modules/jest-circus/build/run.js:66:9)\n    at _runTestsForDescribeBlock (/home/manuel/Documentos/vscode/_Js/ita-angular-jses6/node_modules/jest-circus/build/run.js:60:9)\n    at run (/home/manuel/Documentos/vscode/_Js/ita-angular-jses6/node_modules/jest-circus/build/run.js:25:3)"
          ],
          "fullName": "Function \"orderByYear\" should order movies with the same year by their title, alphabetically",
          "invocations": 1,
          "location": null,
          "numPassingAsserts": 0,
          "status": "failed",
          "title": "should order movies with the same year by their title, alphabetically"
        },
        {
          "ancestorTitles": [
            "Function \"moviesAverageByCategory\""
          ],
          "duration": 0,
          "failureDetails": [],
          "failureMessages": [],
          "fullName": "Function \"moviesAverageByCategory\" should be declared",
          "invocations": 1,
          "location": null,
          "numPassingAsserts": 0,
          "status": "passed",
          "title": "should be declared"
        },
        {
          "ancestorTitles": [
            "Function \"moviesAverageByCategory\""
          ],
          "duration": 1,
          "failureDetails": [
            {
              "matcherResult": {
                "actual": "undefined",
                "expected": "number",
                "message": "\u001b[2mexpect(\u001b[22m\u001b[31mreceived\u001b[39m\u001b[2m).\u001b[22mtoBe\u001b[2m(\u001b[22m\u001b[32mexpected\u001b[39m\u001b[2m) // Object.is equality\u001b[22m\n\nExpected: \u001b[32m\"number\"\u001b[39m\nReceived: \u001b[31m\"undefined\"\u001b[39m",
                "name": "toBe",
                "pass": false
              }
            }
          ],
          "failureMessages": [
            "Error: \u001b[2mexpect(\u001b[22m\u001b[31mreceived\u001b[39m\u001b[2m).\u001b[22mtoBe\u001b[2m(\u001b[22m\u001b[32mexpected\u001b[39m\u001b[2m) // Object.is equality\u001b[22m\n\nExpected: \u001b[32m\"number\"\u001b[39m\nReceived: \u001b[31m\"undefined\"\u001b[39m\n    at Object.<anonymous> (/home/manuel/Documentos/vscode/_Js/ita-angular-jses6/tests/films.spec.js:296:61)\n    at Promise.then.completed (/home/manuel/Documentos/vscode/_Js/ita-angular-jses6/node_modules/jest-circus/build/utils.js:391:28)\n    at new Promise (<anonymous>)\n    at callAsyncCircusFn (/home/manuel/Documentos/vscode/_Js/ita-angular-jses6/node_modules/jest-circus/build/utils.js:316:10)\n    at _callCircusTest (/home/manuel/Documentos/vscode/_Js/ita-angular-jses6/node_modules/jest-circus/build/run.js:218:40)\n    at processTicksAndRejections (internal/process/task_queues.js:97:5)\n    at _runTest (/home/manuel/Documentos/vscode/_Js/ita-angular-jses6/node_modules/jest-circus/build/run.js:155:3)\n    at _runTestsForDescribeBlock (/home/manuel/Documentos/vscode/_Js/ita-angular-jses6/node_modules/jest-circus/build/run.js:66:9)\n    at _runTestsForDescribeBlock (/home/manuel/Documentos/vscode/_Js/ita-angular-jses6/node_modules/jest-circus/build/run.js:60:9)\n    at run (/home/manuel/Documentos/vscode/_Js/ita-angular-jses6/node_modules/jest-circus/build/run.js:25:3)"
          ],
          "fullName": "Function \"moviesAverageByCategory\" should return a number",
          "invocations": 1,
          "location": null,
          "numPassingAsserts": 0,
          "status": "failed",
          "title": "should return a number"
        },
        {
          "ancestorTitles": [
            "Function \"moviesAverageByCategory\""
          ],
          "duration": 0,
          "failureDetails": [
            {
              "matcherResult": {
                "expected": 7,
                "message": "\u001b[2mexpect(\u001b[22m\u001b[31mreceived\u001b[39m\u001b[2m).\u001b[22mtoBe\u001b[2m(\u001b[22m\u001b[32mexpected\u001b[39m\u001b[2m) // Object.is equality\u001b[22m\n\nExpected: \u001b[32m7\u001b[39m\nReceived: \u001b[31mundefined\u001b[39m",
                "name": "toBe",
                "pass": false
              }
            }
          ],
          "failureMessages": [
            "Error: \u001b[2mexpect(\u001b[22m\u001b[31mreceived\u001b[39m\u001b[2m).\u001b[22mtoBe\u001b[2m(\u001b[22m\u001b[32mexpected\u001b[39m\u001b[2m) // Object.is equality\u001b[22m\n\nExpected: \u001b[32m7\u001b[39m\nReceived: \u001b[31mundefined\u001b[39m\n    at Object.<anonymous> (/home/manuel/Documentos/vscode/_Js/ita-angular-jses6/tests/films.spec.js:308:15)\n    at Promise.then.completed (/home/manuel/Documentos/vscode/_Js/ita-angular-jses6/node_modules/jest-circus/build/utils.js:391:28)\n    at new Promise (<anonymous>)\n    at callAsyncCircusFn (/home/manuel/Documentos/vscode/_Js/ita-angular-jses6/node_modules/jest-circus/build/utils.js:316:10)\n    at _callCircusTest (/home/manuel/Documentos/vscode/_Js/ita-angular-jses6/node_modules/jest-circus/build/run.js:218:40)\n    at processTicksAndRejections (internal/process/task_queues.js:97:5)\n    at _runTest (/home/manuel/Documentos/vscode/_Js/ita-angular-jses6/node_modules/jest-circus/build/run.js:155:3)\n    at _runTestsForDescribeBlock (/home/manuel/Documentos/vscode/_Js/ita-angular-jses6/node_modules/jest-circus/build/run.js:66:9)\n    at _runTestsForDescribeBlock (/home/manuel/Documentos/vscode/_Js/ita-angular-jses6/node_modules/jest-circus/build/run.js:60:9)\n    at run (/home/manuel/Documentos/vscode/_Js/ita-angular-jses6/node_modules/jest-circus/build/run.js:25:3)"
          ],
          "fullName": "Function \"moviesAverageByCategory\"  should return the average score of 2 movies with score 7 each",
          "invocations": 1,
          "location": null,
          "numPassingAsserts": 0,
          "status": "failed",
          "title": " should return the average score of 2 movies with score 7 each"
        },
        {
          "ancestorTitles": [
            "Function \"moviesAverageByCategory\""
          ],
          "duration": 0,
          "failureDetails": [
            {
              "matcherResult": {
                "expected": 6.5,
                "message": "\u001b[2mexpect(\u001b[22m\u001b[31mreceived\u001b[39m\u001b[2m).\u001b[22mtoBe\u001b[2m(\u001b[22m\u001b[32mexpected\u001b[39m\u001b[2m) // Object.is equality\u001b[22m\n\nExpected: \u001b[32m6.5\u001b[39m\nReceived: \u001b[31mundefined\u001b[39m",
                "name": "toBe",
                "pass": false
              }
            }
          ],
          "failureMessages": [
            "Error: \u001b[2mexpect(\u001b[22m\u001b[31mreceived\u001b[39m\u001b[2m).\u001b[22mtoBe\u001b[2m(\u001b[22m\u001b[32mexpected\u001b[39m\u001b[2m) // Object.is equality\u001b[22m\n\nExpected: \u001b[32m6.5\u001b[39m\nReceived: \u001b[31mundefined\u001b[39m\n    at Object.<anonymous> (/home/manuel/Documentos/vscode/_Js/ita-angular-jses6/tests/films.spec.js:320:15)\n    at Promise.then.completed (/home/manuel/Documentos/vscode/_Js/ita-angular-jses6/node_modules/jest-circus/build/utils.js:391:28)\n    at new Promise (<anonymous>)\n    at callAsyncCircusFn (/home/manuel/Documentos/vscode/_Js/ita-angular-jses6/node_modules/jest-circus/build/utils.js:316:10)\n    at _callCircusTest (/home/manuel/Documentos/vscode/_Js/ita-angular-jses6/node_modules/jest-circus/build/run.js:218:40)\n    at processTicksAndRejections (internal/process/task_queues.js:97:5)\n    at _runTest (/home/manuel/Documentos/vscode/_Js/ita-angular-jses6/node_modules/jest-circus/build/run.js:155:3)\n    at _runTestsForDescribeBlock (/home/manuel/Documentos/vscode/_Js/ita-angular-jses6/node_modules/jest-circus/build/run.js:66:9)\n    at _runTestsForDescribeBlock (/home/manuel/Documentos/vscode/_Js/ita-angular-jses6/node_modules/jest-circus/build/run.js:60:9)\n    at run (/home/manuel/Documentos/vscode/_Js/ita-angular-jses6/node_modules/jest-circus/build/run.js:25:3)"
          ],
          "fullName": "Function \"moviesAverageByCategory\" should be rounded to 2 decimals places",
          "invocations": 1,
          "location": null,
          "numPassingAsserts": 0,
          "status": "failed",
          "title": "should be rounded to 2 decimals places"
        },
        {
          "ancestorTitles": [
            "Function \"moviesAverageByCategory\""
          ],
          "duration": 2,
          "failureDetails": [
            {
              "matcherResult": {
                "expected": 10,
                "message": "\u001b[2mexpect(\u001b[22m\u001b[31mreceived\u001b[39m\u001b[2m).\u001b[22mtoBe\u001b[2m(\u001b[22m\u001b[32mexpected\u001b[39m\u001b[2m) // Object.is equality\u001b[22m\n\nExpected: \u001b[32m10\u001b[39m\nReceived: \u001b[31mundefined\u001b[39m",
                "name": "toBe",
                "pass": false
              }
            }
          ],
          "failureMessages": [
            "Error: \u001b[2mexpect(\u001b[22m\u001b[31mreceived\u001b[39m\u001b[2m).\u001b[22mtoBe\u001b[2m(\u001b[22m\u001b[32mexpected\u001b[39m\u001b[2m) // Object.is equality\u001b[22m\n\nExpected: \u001b[32m10\u001b[39m\nReceived: \u001b[31mundefined\u001b[39m\n    at Object.<anonymous> (/home/manuel/Documentos/vscode/_Js/ita-angular-jses6/tests/films.spec.js:335:16)\n    at Promise.then.completed (/home/manuel/Documentos/vscode/_Js/ita-angular-jses6/node_modules/jest-circus/build/utils.js:391:28)\n    at new Promise (<anonymous>)\n    at callAsyncCircusFn (/home/manuel/Documentos/vscode/_Js/ita-angular-jses6/node_modules/jest-circus/build/utils.js:316:10)\n    at _callCircusTest (/home/manuel/Documentos/vscode/_Js/ita-angular-jses6/node_modules/jest-circus/build/run.js:218:40)\n    at processTicksAndRejections (internal/process/task_queues.js:97:5)\n    at _runTest (/home/manuel/Documentos/vscode/_Js/ita-angular-jses6/node_modules/jest-circus/build/run.js:155:3)\n    at _runTestsForDescribeBlock (/home/manuel/Documentos/vscode/_Js/ita-angular-jses6/node_modules/jest-circus/build/run.js:66:9)\n    at _runTestsForDescribeBlock (/home/manuel/Documentos/vscode/_Js/ita-angular-jses6/node_modules/jest-circus/build/run.js:60:9)\n    at run (/home/manuel/Documentos/vscode/_Js/ita-angular-jses6/node_modules/jest-circus/build/run.js:25:3)"
          ],
          "fullName": "Function \"moviesAverageByCategory\" should not take into consideration films of other category",
          "invocations": 1,
          "location": null,
          "numPassingAsserts": 0,
          "status": "failed",
          "title": "should not take into consideration films of other category"
        },
        {
          "ancestorTitles": [
            "Function \"moviesAverageByCategory\""
          ],
          "duration": 1,
          "failureDetails": [
            {
              "matcherResult": {
                "expected": 5,
                "message": "\u001b[2mexpect(\u001b[22m\u001b[31mreceived\u001b[39m\u001b[2m).\u001b[22mtoBe\u001b[2m(\u001b[22m\u001b[32mexpected\u001b[39m\u001b[2m) // Object.is equality\u001b[22m\n\nExpected: \u001b[32m5\u001b[39m\nReceived: \u001b[31mundefined\u001b[39m",
                "name": "toBe",
                "pass": false
              }
            }
          ],
          "failureMessages": [
            "Error: \u001b[2mexpect(\u001b[22m\u001b[31mreceived\u001b[39m\u001b[2m).\u001b[22mtoBe\u001b[2m(\u001b[22m\u001b[32mexpected\u001b[39m\u001b[2m) // Object.is equality\u001b[22m\n\nExpected: \u001b[32m5\u001b[39m\nReceived: \u001b[31mundefined\u001b[39m\n    at Object.<anonymous> (/home/manuel/Documentos/vscode/_Js/ita-angular-jses6/tests/films.spec.js:352:16)\n    at Promise.then.completed (/home/manuel/Documentos/vscode/_Js/ita-angular-jses6/node_modules/jest-circus/build/utils.js:391:28)\n    at new Promise (<anonymous>)\n    at callAsyncCircusFn (/home/manuel/Documentos/vscode/_Js/ita-angular-jses6/node_modules/jest-circus/build/utils.js:316:10)\n    at _callCircusTest (/home/manuel/Documentos/vscode/_Js/ita-angular-jses6/node_modules/jest-circus/build/run.js:218:40)\n    at processTicksAndRejections (internal/process/task_queues.js:97:5)\n    at _runTest (/home/manuel/Documentos/vscode/_Js/ita-angular-jses6/node_modules/jest-circus/build/run.js:155:3)\n    at _runTestsForDescribeBlock (/home/manuel/Documentos/vscode/_Js/ita-angular-jses6/node_modules/jest-circus/build/run.js:66:9)\n    at _runTestsForDescribeBlock (/home/manuel/Documentos/vscode/_Js/ita-angular-jses6/node_modules/jest-circus/build/run.js:60:9)\n    at run (/home/manuel/Documentos/vscode/_Js/ita-angular-jses6/node_modules/jest-circus/build/run.js:25:3)"
          ],
          "fullName": "Function \"moviesAverageByCategory\" should return average even if one of the movies does not have score",
          "invocations": 1,
          "location": null,
          "numPassingAsserts": 0,
          "status": "failed",
          "title": "should return average even if one of the movies does not have score"
        },
        {
          "ancestorTitles": [
            "Function \"hoursToMinutes\""
          ],
          "duration": 1,
          "failureDetails": [],
          "failureMessages": [],
          "fullName": "Function \"hoursToMinutes\" should be declared",
          "invocations": 1,
          "location": null,
          "numPassingAsserts": 0,
          "status": "passed",
          "title": "should be declared"
        },
        {
          "ancestorTitles": [
            "Function \"hoursToMinutes\""
          ],
          "duration": 1,
          "failureDetails": [
            {
              "matcherResult": {
                "actual": false,
                "expected": true,
                "message": "\u001b[2mexpect(\u001b[22m\u001b[31mreceived\u001b[39m\u001b[2m).\u001b[22mtoBe\u001b[2m(\u001b[22m\u001b[32mexpected\u001b[39m\u001b[2m) // Object.is equality\u001b[22m\n\nExpected: \u001b[32mtrue\u001b[39m\nReceived: \u001b[31mfalse\u001b[39m",
                "name": "toBe",
                "pass": false
              }
            }
          ],
          "failureMessages": [
            "Error: \u001b[2mexpect(\u001b[22m\u001b[31mreceived\u001b[39m\u001b[2m).\u001b[22mtoBe\u001b[2m(\u001b[22m\u001b[32mexpected\u001b[39m\u001b[2m) // Object.is equality\u001b[22m\n\nExpected: \u001b[32mtrue\u001b[39m\nReceived: \u001b[31mfalse\u001b[39m\n    at Object.<anonymous> (/home/manuel/Documentos/vscode/_Js/ita-angular-jses6/tests/films.spec.js:364:53)\n    at Promise.then.completed (/home/manuel/Documentos/vscode/_Js/ita-angular-jses6/node_modules/jest-circus/build/utils.js:391:28)\n    at new Promise (<anonymous>)\n    at callAsyncCircusFn (/home/manuel/Documentos/vscode/_Js/ita-angular-jses6/node_modules/jest-circus/build/utils.js:316:10)\n    at _callCircusTest (/home/manuel/Documentos/vscode/_Js/ita-angular-jses6/node_modules/jest-circus/build/run.js:218:40)\n    at processTicksAndRejections (internal/process/task_queues.js:97:5)\n    at _runTest (/home/manuel/Documentos/vscode/_Js/ita-angular-jses6/node_modules/jest-circus/build/run.js:155:3)\n    at _runTestsForDescribeBlock (/home/manuel/Documentos/vscode/_Js/ita-angular-jses6/node_modules/jest-circus/build/run.js:66:9)\n    at _runTestsForDescribeBlock (/home/manuel/Documentos/vscode/_Js/ita-angular-jses6/node_modules/jest-circus/build/run.js:60:9)\n    at run (/home/manuel/Documentos/vscode/_Js/ita-angular-jses6/node_modules/jest-circus/build/run.js:25:3)"
          ],
          "fullName": "Function \"hoursToMinutes\" should return an array",
          "invocations": 1,
          "location": null,
          "numPassingAsserts": 0,
          "status": "failed",
          "title": "should return an array"
        },
        {
          "ancestorTitles": [
            "Function \"hoursToMinutes\""
          ],
          "duration": 0,
          "failureDetails": [],
          "failureMessages": [],
          "fullName": "Function \"hoursToMinutes\" should return a new array, not update the original one",
          "invocations": 1,
          "location": null,
          "numPassingAsserts": 0,
          "status": "passed",
          "title": "should return a new array, not update the original one"
        },
        {
          "ancestorTitles": [
            "Function \"hoursToMinutes\""
          ],
          "duration": 1,
          "failureDetails": [
            {}
          ],
          "failureMessages": [
            "TypeError: Cannot read property '0' of undefined\n    at Object.<anonymous> (/home/manuel/Documentos/vscode/_Js/ita-angular-jses6/tests/films.spec.js:372:41)\n    at Promise.then.completed (/home/manuel/Documentos/vscode/_Js/ita-angular-jses6/node_modules/jest-circus/build/utils.js:391:28)\n    at new Promise (<anonymous>)\n    at callAsyncCircusFn (/home/manuel/Documentos/vscode/_Js/ita-angular-jses6/node_modules/jest-circus/build/utils.js:316:10)\n    at _callCircusTest (/home/manuel/Documentos/vscode/_Js/ita-angular-jses6/node_modules/jest-circus/build/run.js:218:40)\n    at processTicksAndRejections (internal/process/task_queues.js:97:5)\n    at _runTest (/home/manuel/Documentos/vscode/_Js/ita-angular-jses6/node_modules/jest-circus/build/run.js:155:3)\n    at _runTestsForDescribeBlock (/home/manuel/Documentos/vscode/_Js/ita-angular-jses6/node_modules/jest-circus/build/run.js:66:9)\n    at _runTestsForDescribeBlock (/home/manuel/Documentos/vscode/_Js/ita-angular-jses6/node_modules/jest-circus/build/run.js:60:9)\n    at run (/home/manuel/Documentos/vscode/_Js/ita-angular-jses6/node_modules/jest-circus/build/run.js:25:3)"
          ],
          "fullName": "Function \"hoursToMinutes\" should return an array of movies with duration as a number",
          "invocations": 1,
          "location": null,
          "numPassingAsserts": 0,
          "status": "failed",
          "title": "should return an array of movies with duration as a number"
        },
        {
          "ancestorTitles": [
            "Function \"hoursToMinutes\""
          ],
          "duration": 0,
          "failureDetails": [
            {}
          ],
          "failureMessages": [
            "TypeError: Cannot read property '0' of undefined\n    at Object.<anonymous> (/home/manuel/Documentos/vscode/_Js/ita-angular-jses6/tests/films.spec.js:377:36)\n    at Promise.then.completed (/home/manuel/Documentos/vscode/_Js/ita-angular-jses6/node_modules/jest-circus/build/utils.js:391:28)\n    at new Promise (<anonymous>)\n    at callAsyncCircusFn (/home/manuel/Documentos/vscode/_Js/ita-angular-jses6/node_modules/jest-circus/build/utils.js:316:10)\n    at _callCircusTest (/home/manuel/Documentos/vscode/_Js/ita-angular-jses6/node_modules/jest-circus/build/run.js:218:40)\n    at processTicksAndRejections (internal/process/task_queues.js:97:5)\n    at _runTest (/home/manuel/Documentos/vscode/_Js/ita-angular-jses6/node_modules/jest-circus/build/run.js:155:3)\n    at _runTestsForDescribeBlock (/home/manuel/Documentos/vscode/_Js/ita-angular-jses6/node_modules/jest-circus/build/run.js:66:9)\n    at _runTestsForDescribeBlock (/home/manuel/Documentos/vscode/_Js/ita-angular-jses6/node_modules/jest-circus/build/run.js:60:9)\n    at run (/home/manuel/Documentos/vscode/_Js/ita-angular-jses6/node_modules/jest-circus/build/run.js:25:3)"
          ],
          "fullName": "Function \"hoursToMinutes\" should return an array of movies with the correct duration for a 31 minute movie",
          "invocations": 1,
          "location": null,
          "numPassingAsserts": 0,
          "status": "failed",
          "title": "should return an array of movies with the correct duration for a 31 minute movie"
        },
        {
          "ancestorTitles": [
            "Function \"hoursToMinutes\""
          ],
          "duration": 0,
          "failureDetails": [
            {}
          ],
          "failureMessages": [
            "TypeError: Cannot read property '0' of undefined\n    at Object.<anonymous> (/home/manuel/Documentos/vscode/_Js/ita-angular-jses6/tests/films.spec.js:382:36)\n    at Promise.then.completed (/home/manuel/Documentos/vscode/_Js/ita-angular-jses6/node_modules/jest-circus/build/utils.js:391:28)\n    at new Promise (<anonymous>)\n    at callAsyncCircusFn (/home/manuel/Documentos/vscode/_Js/ita-angular-jses6/node_modules/jest-circus/build/utils.js:316:10)\n    at _callCircusTest (/home/manuel/Documentos/vscode/_Js/ita-angular-jses6/node_modules/jest-circus/build/run.js:218:40)\n    at processTicksAndRejections (internal/process/task_queues.js:97:5)\n    at _runTest (/home/manuel/Documentos/vscode/_Js/ita-angular-jses6/node_modules/jest-circus/build/run.js:155:3)\n    at _runTestsForDescribeBlock (/home/manuel/Documentos/vscode/_Js/ita-angular-jses6/node_modules/jest-circus/build/run.js:66:9)\n    at _runTestsForDescribeBlock (/home/manuel/Documentos/vscode/_Js/ita-angular-jses6/node_modules/jest-circus/build/run.js:60:9)\n    at run (/home/manuel/Documentos/vscode/_Js/ita-angular-jses6/node_modules/jest-circus/build/run.js:25:3)"
          ],
          "fullName": "Function \"hoursToMinutes\" should return an array of movies with the correct duration for a 341 minute movie",
          "invocations": 1,
          "location": null,
          "numPassingAsserts": 0,
          "status": "failed",
          "title": "should return an array of movies with the correct duration for a 341 minute movie"
        },
        {
          "ancestorTitles": [
            "Function \"hoursToMinutes\""
          ],
          "duration": 0,
          "failureDetails": [
            {}
          ],
          "failureMessages": [
            "TypeError: Cannot read property '0' of undefined\n    at Object.<anonymous> (/home/manuel/Documentos/vscode/_Js/ita-angular-jses6/tests/films.spec.js:387:36)\n    at Promise.then.completed (/home/manuel/Documentos/vscode/_Js/ita-angular-jses6/node_modules/jest-circus/build/utils.js:391:28)\n    at new Promise (<anonymous>)\n    at callAsyncCircusFn (/home/manuel/Documentos/vscode/_Js/ita-angular-jses6/node_modules/jest-circus/build/utils.js:316:10)\n    at _callCircusTest (/home/manuel/Documentos/vscode/_Js/ita-angular-jses6/node_modules/jest-circus/build/run.js:218:40)\n    at processTicksAndRejections (internal/process/task_queues.js:97:5)\n    at _runTest (/home/manuel/Documentos/vscode/_Js/ita-angular-jses6/node_modules/jest-circus/build/run.js:155:3)\n    at _runTestsForDescribeBlock (/home/manuel/Documentos/vscode/_Js/ita-angular-jses6/node_modules/jest-circus/build/run.js:66:9)\n    at _runTestsForDescribeBlock (/home/manuel/Documentos/vscode/_Js/ita-angular-jses6/node_modules/jest-circus/build/run.js:60:9)\n    at run (/home/manuel/Documentos/vscode/_Js/ita-angular-jses6/node_modules/jest-circus/build/run.js:25:3)"
          ],
          "fullName": "Function \"hoursToMinutes\" should return an array of movies with the correct duration for a 2 hour movie",
          "invocations": 1,
          "location": null,
          "numPassingAsserts": 0,
          "status": "failed",
          "title": "should return an array of movies with the correct duration for a 2 hour movie"
        },
        {
          "ancestorTitles": [
            "Function \"bestFilmOfYear\""
          ],
          "duration": 0,
          "failureDetails": [],
          "failureMessages": [],
          "fullName": "Function \"bestFilmOfYear\" should be declared",
          "invocations": 1,
          "location": null,
          "numPassingAsserts": 0,
          "status": "passed",
          "title": "should be declared"
        },
        {
          "ancestorTitles": [
            "Function \"bestFilmOfYear\""
          ],
          "duration": 1,
          "failureDetails": [
            {
              "matcherResult": {
                "actual": false,
                "expected": true,
                "message": "\u001b[2mexpect(\u001b[22m\u001b[31mreceived\u001b[39m\u001b[2m).\u001b[22mtoBe\u001b[2m(\u001b[22m\u001b[32mexpected\u001b[39m\u001b[2m) // Object.is equality\u001b[22m\n\nExpected: \u001b[32mtrue\u001b[39m\nReceived: \u001b[31mfalse\u001b[39m",
                "name": "toBe",
                "pass": false
              }
            }
          ],
          "failureMessages": [
            "Error: \u001b[2mexpect(\u001b[22m\u001b[31mreceived\u001b[39m\u001b[2m).\u001b[22mtoBe\u001b[2m(\u001b[22m\u001b[32mexpected\u001b[39m\u001b[2m) // Object.is equality\u001b[22m\n\nExpected: \u001b[32mtrue\u001b[39m\nReceived: \u001b[31mfalse\u001b[39m\n    at Object.<anonymous> (/home/manuel/Documentos/vscode/_Js/ita-angular-jses6/tests/films.spec.js:398:59)\n    at Promise.then.completed (/home/manuel/Documentos/vscode/_Js/ita-angular-jses6/node_modules/jest-circus/build/utils.js:391:28)\n    at new Promise (<anonymous>)\n    at callAsyncCircusFn (/home/manuel/Documentos/vscode/_Js/ita-angular-jses6/node_modules/jest-circus/build/utils.js:316:10)\n    at _callCircusTest (/home/manuel/Documentos/vscode/_Js/ita-angular-jses6/node_modules/jest-circus/build/run.js:218:40)\n    at processTicksAndRejections (internal/process/task_queues.js:97:5)\n    at _runTest (/home/manuel/Documentos/vscode/_Js/ita-angular-jses6/node_modules/jest-circus/build/run.js:155:3)\n    at _runTestsForDescribeBlock (/home/manuel/Documentos/vscode/_Js/ita-angular-jses6/node_modules/jest-circus/build/run.js:66:9)\n    at _runTestsForDescribeBlock (/home/manuel/Documentos/vscode/_Js/ita-angular-jses6/node_modules/jest-circus/build/run.js:60:9)\n    at run (/home/manuel/Documentos/vscode/_Js/ita-angular-jses6/node_modules/jest-circus/build/run.js:25:3)"
          ],
          "fullName": "Function \"bestFilmOfYear\" should return an array",
          "invocations": 1,
          "location": null,
          "numPassingAsserts": 0,
          "status": "failed",
          "title": "should return an array"
        },
        {
          "ancestorTitles": [
            "Function \"bestFilmOfYear\""
          ],
          "duration": 1,
          "failureDetails": [],
          "failureMessages": [],
          "fullName": "Function \"bestFilmOfYear\" should return a new array, not update the original one",
          "invocations": 1,
          "location": null,
          "numPassingAsserts": 0,
          "status": "passed",
          "title": "should return a new array, not update the original one"
        },
        {
          "ancestorTitles": [
            "Function \"bestFilmOfYear\""
          ],
          "duration": 0,
          "failureDetails": [
            {
              "matcherResult": {
                "expected": [
                  {
                    "title": "Film1",
                    "year": 1957,
                    "director": "Stanley Kubrick",
                    "duration": "1h 28min",
                    "genre": [
                      "Drama",
                      "War"
                    ],
                    "score": 10
                  }
                ],
                "message": "\u001b[2mexpect(\u001b[22m\u001b[31mreceived\u001b[39m\u001b[2m).\u001b[22mtoEqual\u001b[2m(\u001b[22m\u001b[32mexpected\u001b[39m\u001b[2m) // deep equality\u001b[22m\n\nExpected: \u001b[32m[{\"director\": \"Stanley Kubrick\", \"duration\": \"1h 28min\", \"genre\": [\"Drama\", \"War\"], \"score\": 10, \"title\": \"Film1\", \"year\": 1957}]\u001b[39m\nReceived: \u001b[31mundefined\u001b[39m",
                "name": "toEqual",
                "pass": false
              }
            }
          ],
          "failureMessages": [
            "Error: \u001b[2mexpect(\u001b[22m\u001b[31mreceived\u001b[39m\u001b[2m).\u001b[22mtoEqual\u001b[2m(\u001b[22m\u001b[32mexpected\u001b[39m\u001b[2m) // deep equality\u001b[22m\n\nExpected: \u001b[32m[{\"director\": \"Stanley Kubrick\", \"duration\": \"1h 28min\", \"genre\": [\"Drama\", \"War\"], \"score\": 10, \"title\": \"Film1\", \"year\": 1957}]\u001b[39m\nReceived: \u001b[31mundefined\u001b[39m\n    at Object.<anonymous> (/home/manuel/Documentos/vscode/_Js/ita-angular-jses6/tests/films.spec.js:432:43)\n    at Promise.then.completed (/home/manuel/Documentos/vscode/_Js/ita-angular-jses6/node_modules/jest-circus/build/utils.js:391:28)\n    at new Promise (<anonymous>)\n    at callAsyncCircusFn (/home/manuel/Documentos/vscode/_Js/ita-angular-jses6/node_modules/jest-circus/build/utils.js:316:10)\n    at _callCircusTest (/home/manuel/Documentos/vscode/_Js/ita-angular-jses6/node_modules/jest-circus/build/run.js:218:40)\n    at processTicksAndRejections (internal/process/task_queues.js:97:5)\n    at _runTest (/home/manuel/Documentos/vscode/_Js/ita-angular-jses6/node_modules/jest-circus/build/run.js:155:3)\n    at _runTestsForDescribeBlock (/home/manuel/Documentos/vscode/_Js/ita-angular-jses6/node_modules/jest-circus/build/run.js:66:9)\n    at _runTestsForDescribeBlock (/home/manuel/Documentos/vscode/_Js/ita-angular-jses6/node_modules/jest-circus/build/run.js:60:9)\n    at run (/home/manuel/Documentos/vscode/_Js/ita-angular-jses6/node_modules/jest-circus/build/run.js:25:3)"
          ],
          "fullName": "Function \"bestFilmOfYear\" should return the best film of a year, searching in an array",
          "invocations": 1,
          "location": null,
          "numPassingAsserts": 0,
          "status": "failed",
          "title": "should return the best film of a year, searching in an array"
        }
      ],
      "failureMessage": "\u001b[1m\u001b[31m  \u001b[1m● \u001b[22m\u001b[1mFunction \"orderAlphabetically\" › should return an array\u001b[39m\u001b[22m\n\n    \u001b[2mexpect(\u001b[22m\u001b[31mreceived\u001b[39m\u001b[2m).\u001b[22mtoBe\u001b[2m(\u001b[22m\u001b[32mexpected\u001b[39m\u001b[2m) // Object.is equality\u001b[22m\n\n    Expected: \u001b[32m\"object\"\u001b[39m\n    Received: \u001b[31m\"undefined\"\u001b[39m\n\u001b[2m\u001b[22m\n\u001b[2m    \u001b[0m \u001b[90m 146 |\u001b[39m\u001b[0m\u001b[22m\n\u001b[2m    \u001b[0m \u001b[90m 147 |\u001b[39m   it(\u001b[32m'should return an array'\u001b[39m\u001b[33m,\u001b[39m () \u001b[33m=>\u001b[39m {\u001b[0m\u001b[22m\n\u001b[2m    \u001b[0m\u001b[31m\u001b[1m>\u001b[22m\u001b[2m\u001b[39m\u001b[90m 148 |\u001b[39m     expect(\u001b[36mtypeof\u001b[39m orderAlphabetically([]))\u001b[33m.\u001b[39mtoBe(\u001b[32m'object'\u001b[39m)\u001b[33m;\u001b[39m\u001b[0m\u001b[22m\n\u001b[2m    \u001b[0m \u001b[90m     |\u001b[39m                                            \u001b[31m\u001b[1m^\u001b[22m\u001b[2m\u001b[39m\u001b[0m\u001b[22m\n\u001b[2m    \u001b[0m \u001b[90m 149 |\u001b[39m   })\u001b[33m;\u001b[39m\u001b[0m\u001b[22m\n\u001b[2m    \u001b[0m \u001b[90m 150 |\u001b[39m\u001b[0m\u001b[22m\n\u001b[2m    \u001b[0m \u001b[90m 151 |\u001b[39m   it(\u001b[32m'should not mutate the original array'\u001b[39m\u001b[33m,\u001b[39m () \u001b[33m=>\u001b[39m {\u001b[0m\u001b[22m\n\u001b[2m\u001b[22m\n\u001b[2m      \u001b[2mat Object.<anonymous> (\u001b[22m\u001b[2m\u001b[0m\u001b[36mtests/films.spec.js\u001b[39m\u001b[0m\u001b[2m:148:44)\u001b[22m\u001b[2m\u001b[22m\n\n\u001b[1m\u001b[31m  \u001b[1m● \u001b[22m\u001b[1mFunction \"orderAlphabetically\" › should only return the title of the movies, each value should be a string\u001b[39m\u001b[22m\n\n    TypeError: Cannot read property '0' of undefined\n\u001b[2m\u001b[22m\n\u001b[2m    \u001b[0m \u001b[90m 156 |\u001b[39m\u001b[0m\u001b[22m\n\u001b[2m    \u001b[0m \u001b[90m 157 |\u001b[39m   it(\u001b[32m'should only return the title of the movies, each value should be a string'\u001b[39m\u001b[33m,\u001b[39m () \u001b[33m=>\u001b[39m {\u001b[0m\u001b[22m\n\u001b[2m    \u001b[0m\u001b[31m\u001b[1m>\u001b[22m\u001b[2m\u001b[39m\u001b[90m 158 |\u001b[39m     expect(\u001b[36mtypeof\u001b[39m orderAlphabetically([{ title\u001b[33m:\u001b[39m \u001b[32m'aab'\u001b[39m }])[\u001b[35m0\u001b[39m])\u001b[33m.\u001b[39mtoBe(\u001b[32m'string'\u001b[39m)\u001b[33m;\u001b[39m\u001b[0m\u001b[22m\n\u001b[2m    \u001b[0m \u001b[90m     |\u001b[39m                                                          \u001b[31m\u001b[1m^\u001b[22m\u001b[2m\u001b[39m\u001b[0m\u001b[22m\n\u001b[2m    \u001b[0m \u001b[90m 159 |\u001b[39m   })\u001b[33m;\u001b[39m\u001b[0m\u001b[22m\n\u001b[2m    \u001b[0m \u001b[90m 160 |\u001b[39m\u001b[0m\u001b[22m\n\u001b[2m    \u001b[0m \u001b[90m 161 |\u001b[39m   it(\u001b[32m'should return all of items when the array passed has fewer than 20 items'\u001b[39m\u001b[33m,\u001b[39m () \u001b[33m=>\u001b[39m {\u001b[0m\u001b[22m\n\u001b[2m\u001b[22m\n\u001b[2m      \u001b[2mat Object.<anonymous> (\u001b[22m\u001b[2m\u001b[0m\u001b[36mtests/films.spec.js\u001b[39m\u001b[0m\u001b[2m:158:58)\u001b[22m\u001b[2m\u001b[22m\n\n\u001b[1m\u001b[31m  \u001b[1m● \u001b[22m\u001b[1mFunction \"orderAlphabetically\" › should return all of items when the array passed has fewer than 20 items\u001b[39m\u001b[22m\n\n    \u001b[2mexpect(\u001b[22m\u001b[31mreceived\u001b[39m\u001b[2m).\u001b[22mtoHaveLength\u001b[2m(\u001b[22m\u001b[32mexpected\u001b[39m\u001b[2m)\u001b[22m\n\n    \u001b[1mMatcher error\u001b[22m: \u001b[31mreceived\u001b[39m value must have a length property whose value must be a number\n\n    Received has value: \u001b[31mundefined\u001b[39m\n\u001b[2m\u001b[22m\n\u001b[2m    \u001b[0m \u001b[90m 161 |\u001b[39m   it(\u001b[32m'should return all of items when the array passed has fewer than 20 items'\u001b[39m\u001b[33m,\u001b[39m () \u001b[33m=>\u001b[39m {\u001b[0m\u001b[22m\n\u001b[2m    \u001b[0m \u001b[90m 162 |\u001b[39m     \u001b[36mconst\u001b[39m moviesArr \u001b[33m=\u001b[39m [{ title\u001b[33m:\u001b[39m \u001b[32m'aab'\u001b[39m }\u001b[33m,\u001b[39m { title\u001b[33m:\u001b[39m \u001b[32m'bab'\u001b[39m }\u001b[33m,\u001b[39m { title\u001b[33m:\u001b[39m \u001b[32m'acb'\u001b[39m }]\u001b[33m;\u001b[39m\u001b[0m\u001b[22m\n\u001b[2m    \u001b[0m\u001b[31m\u001b[1m>\u001b[22m\u001b[2m\u001b[39m\u001b[90m 163 |\u001b[39m     expect(orderAlphabetically(moviesArr))\u001b[33m.\u001b[39mtoHaveLength(\u001b[35m3\u001b[39m)\u001b[33m;\u001b[39m\u001b[0m\u001b[22m\n\u001b[2m    \u001b[0m \u001b[90m     |\u001b[39m                                            \u001b[31m\u001b[1m^\u001b[22m\u001b[2m\u001b[39m\u001b[0m\u001b[22m\n\u001b[2m    \u001b[0m \u001b[90m 164 |\u001b[39m   })\u001b[33m;\u001b[39m\u001b[0m\u001b[22m\n\u001b[2m    \u001b[0m \u001b[90m 165 |\u001b[39m\u001b[0m\u001b[22m\n\u001b[2m    \u001b[0m \u001b[90m 166 |\u001b[39m   it(\u001b[32m'should order them alphabetically.'\u001b[39m\u001b[33m,\u001b[39m () \u001b[33m=>\u001b[39m {\u001b[0m\u001b[22m\n\u001b[2m\u001b[22m\n\u001b[2m      \u001b[2mat Object.<anonymous> (\u001b[22m\u001b[2m\u001b[0m\u001b[36mtests/films.spec.js\u001b[39m\u001b[0m\u001b[2m:163:44)\u001b[22m\u001b[2m\u001b[22m\n\n\u001b[1m\u001b[31m  \u001b[1m● \u001b[22m\u001b[1mFunction \"orderAlphabetically\" › should order them alphabetically.\u001b[39m\u001b[22m\n\n    \u001b[2mexpect(\u001b[22m\u001b[31mreceived\u001b[39m\u001b[2m).\u001b[22mtoEqual\u001b[2m(\u001b[22m\u001b[32mexpected\u001b[39m\u001b[2m) // deep equality\u001b[22m\n\n    Expected: \u001b[32m[\"aaa\", \"aab\", \"abb\", \"abc\", \"acb\"]\u001b[39m\n    Received: \u001b[31mundefined\u001b[39m\n\u001b[2m\u001b[22m\n\u001b[2m    \u001b[0m \u001b[90m 173 |\u001b[39m     ]\u001b[33m;\u001b[39m\u001b[0m\u001b[22m\n\u001b[2m    \u001b[0m \u001b[90m 174 |\u001b[39m\u001b[0m\u001b[22m\n\u001b[2m    \u001b[0m\u001b[31m\u001b[1m>\u001b[22m\u001b[2m\u001b[39m\u001b[90m 175 |\u001b[39m     expect(orderAlphabetically(moviesArr))\u001b[33m.\u001b[39mtoEqual([\u001b[0m\u001b[22m\n\u001b[2m    \u001b[0m \u001b[90m     |\u001b[39m                                            \u001b[31m\u001b[1m^\u001b[22m\u001b[2m\u001b[39m\u001b[0m\u001b[22m\n\u001b[2m    \u001b[0m \u001b[90m 176 |\u001b[39m       \u001b[32m'aaa'\u001b[39m\u001b[33m,\u001b[39m\u001b[0m\u001b[22m\n\u001b[2m    \u001b[0m \u001b[90m 177 |\u001b[39m       \u001b[32m'aab'\u001b[39m\u001b[33m,\u001b[39m\u001b[0m\u001b[22m\n\u001b[2m    \u001b[0m \u001b[90m 178 |\u001b[39m       \u001b[32m'abb'\u001b[39m\u001b[33m,\u001b[39m\u001b[0m\u001b[22m\n\u001b[2m\u001b[22m\n\u001b[2m      \u001b[2mat Object.<anonymous> (\u001b[22m\u001b[2m\u001b[0m\u001b[36mtests/films.spec.js\u001b[39m\u001b[0m\u001b[2m:175:44)\u001b[22m\u001b[2m\u001b[22m\n\n\u001b[1m\u001b[31m  \u001b[1m● \u001b[22m\u001b[1mFunction \"orderAlphabetically\" › should return the top 20 after ordering them alphabetically.\u001b[39m\u001b[22m\n\n    \u001b[2mexpect(\u001b[22m\u001b[31mreceived\u001b[39m\u001b[2m).\u001b[22mtoEqual\u001b[2m(\u001b[22m\u001b[32mexpected\u001b[39m\u001b[2m) // deep equality\u001b[22m\n\n    Expected: \u001b[32m[\"aaa\", \"aab\", \"acb\", \"acs\", \"afb\", \"agb\", \"anc\", \"apo\", \"bab\", \"bbb\", \"bbt\", \"bca\", \"bvc\", \"ccc\", \"cdf\", \"era\", \"ert\", \"frt\", \"gda\", \"gha\"]\u001b[39m\n    Received: \u001b[31mundefined\u001b[39m\n\u001b[2m\u001b[22m\n\u001b[2m    \u001b[0m \u001b[90m 222 |\u001b[39m     ]\u001b[33m;\u001b[39m\u001b[0m\u001b[22m\n\u001b[2m    \u001b[0m \u001b[90m 223 |\u001b[39m\u001b[0m\u001b[22m\n\u001b[2m    \u001b[0m\u001b[31m\u001b[1m>\u001b[22m\u001b[2m\u001b[39m\u001b[90m 224 |\u001b[39m     expect(orderAlphabetically(moviesArr))\u001b[33m.\u001b[39mtoEqual([\u001b[0m\u001b[22m\n\u001b[2m    \u001b[0m \u001b[90m     |\u001b[39m                                            \u001b[31m\u001b[1m^\u001b[22m\u001b[2m\u001b[39m\u001b[0m\u001b[22m\n\u001b[2m    \u001b[0m \u001b[90m 225 |\u001b[39m       \u001b[32m'aaa'\u001b[39m\u001b[33m,\u001b[39m\u001b[0m\u001b[22m\n\u001b[2m    \u001b[0m \u001b[90m 226 |\u001b[39m       \u001b[32m'aab'\u001b[39m\u001b[33m,\u001b[39m\u001b[0m\u001b[22m\n\u001b[2m    \u001b[0m \u001b[90m 227 |\u001b[39m       \u001b[32m'acb'\u001b[39m\u001b[33m,\u001b[39m\u001b[0m\u001b[22m\n\u001b[2m\u001b[22m\n\u001b[2m      \u001b[2mat Object.<anonymous> (\u001b[22m\u001b[2m\u001b[0m\u001b[36mtests/films.spec.js\u001b[39m\u001b[0m\u001b[2m:224:44)\u001b[22m\u001b[2m\u001b[22m\n\n\u001b[1m\u001b[31m  \u001b[1m● \u001b[22m\u001b[1mFunction \"orderByYear\" › should return an array\u001b[39m\u001b[22m\n\n    \u001b[2mexpect(\u001b[22m\u001b[31mreceived\u001b[39m\u001b[2m).\u001b[22mtoBe\u001b[2m(\u001b[22m\u001b[32mexpected\u001b[39m\u001b[2m) // Object.is equality\u001b[22m\n\n    Expected: \u001b[32m\"object\"\u001b[39m\n    Received: \u001b[31m\"undefined\"\u001b[39m\n\u001b[2m\u001b[22m\n\u001b[2m    \u001b[0m \u001b[90m 254 |\u001b[39m\u001b[0m\u001b[22m\n\u001b[2m    \u001b[0m \u001b[90m 255 |\u001b[39m   it(\u001b[32m'should return an array'\u001b[39m\u001b[33m,\u001b[39m () \u001b[33m=>\u001b[39m {\u001b[0m\u001b[22m\n\u001b[2m    \u001b[0m\u001b[31m\u001b[1m>\u001b[22m\u001b[2m\u001b[39m\u001b[90m 256 |\u001b[39m     expect(\u001b[36mtypeof\u001b[39m orderByYear(movies))\u001b[33m.\u001b[39mtoBe(\u001b[32m'object'\u001b[39m)\u001b[33m;\u001b[39m\u001b[0m\u001b[22m\n\u001b[2m    \u001b[0m \u001b[90m     |\u001b[39m                                        \u001b[31m\u001b[1m^\u001b[22m\u001b[2m\u001b[39m\u001b[0m\u001b[22m\n\u001b[2m    \u001b[0m \u001b[90m 257 |\u001b[39m   })\u001b[33m;\u001b[39m\u001b[0m\u001b[22m\n\u001b[2m    \u001b[0m \u001b[90m 258 |\u001b[39m\u001b[0m\u001b[22m\n\u001b[2m    \u001b[0m \u001b[90m 259 |\u001b[39m   it(\u001b[32m'should return a new array'\u001b[39m\u001b[33m,\u001b[39m () \u001b[33m=>\u001b[39m {\u001b[0m\u001b[22m\n\u001b[2m\u001b[22m\n\u001b[2m      \u001b[2mat Object.<anonymous> (\u001b[22m\u001b[2m\u001b[0m\u001b[36mtests/films.spec.js\u001b[39m\u001b[0m\u001b[2m:256:40)\u001b[22m\u001b[2m\u001b[22m\n\n\u001b[1m\u001b[31m  \u001b[1m● \u001b[22m\u001b[1mFunction \"orderByYear\" › should return the element in a single element array\u001b[39m\u001b[22m\n\n    \u001b[2mexpect(\u001b[22m\u001b[31mreceived\u001b[39m\u001b[2m).\u001b[22mtoEqual\u001b[2m(\u001b[22m\u001b[32mexpected\u001b[39m\u001b[2m) // deep equality\u001b[22m\n\n    Expected: \u001b[32m[{\"year\": 1982}]\u001b[39m\n    Received: \u001b[31mundefined\u001b[39m\n\u001b[2m\u001b[22m\n\u001b[2m    \u001b[0m \u001b[90m 263 |\u001b[39m\u001b[0m\u001b[22m\n\u001b[2m    \u001b[0m \u001b[90m 264 |\u001b[39m   it(\u001b[32m'should return the element in a single element array'\u001b[39m\u001b[33m,\u001b[39m () \u001b[33m=>\u001b[39m {\u001b[0m\u001b[22m\n\u001b[2m    \u001b[0m\u001b[31m\u001b[1m>\u001b[22m\u001b[2m\u001b[39m\u001b[90m 265 |\u001b[39m     expect(orderByYear([{ year\u001b[33m:\u001b[39m \u001b[35m1982\u001b[39m }]))\u001b[33m.\u001b[39mtoEqual([{ year\u001b[33m:\u001b[39m \u001b[35m1982\u001b[39m }])\u001b[33m;\u001b[39m\u001b[0m\u001b[22m\n\u001b[2m    \u001b[0m \u001b[90m     |\u001b[39m                                           \u001b[31m\u001b[1m^\u001b[22m\u001b[2m\u001b[39m\u001b[0m\u001b[22m\n\u001b[2m    \u001b[0m \u001b[90m 266 |\u001b[39m   })\u001b[33m;\u001b[39m\u001b[0m\u001b[22m\n\u001b[2m    \u001b[0m \u001b[90m 267 |\u001b[39m\u001b[0m\u001b[22m\n\u001b[2m    \u001b[0m \u001b[90m 268 |\u001b[39m   it(\u001b[32m'should return the new array in ascending order'\u001b[39m\u001b[33m,\u001b[39m () \u001b[33m=>\u001b[39m {\u001b[0m\u001b[22m\n\u001b[2m\u001b[22m\n\u001b[2m      \u001b[2mat Object.<anonymous> (\u001b[22m\u001b[2m\u001b[0m\u001b[36mtests/films.spec.js\u001b[39m\u001b[0m\u001b[2m:265:43)\u001b[22m\u001b[2m\u001b[22m\n\n\u001b[1m\u001b[31m  \u001b[1m● \u001b[22m\u001b[1mFunction \"orderByYear\" › should return the new array in ascending order\u001b[39m\u001b[22m\n\n    \u001b[2mexpect(\u001b[22m\u001b[31mreceived\u001b[39m\u001b[2m).\u001b[22mtoEqual\u001b[2m(\u001b[22m\u001b[32mexpected\u001b[39m\u001b[2m) // deep equality\u001b[22m\n\n    Expected: \u001b[32m[{\"year\": 1982}, {\"year\": 1995}, {\"year\": 2002}]\u001b[39m\n    Received: \u001b[31mundefined\u001b[39m\n\u001b[2m\u001b[22m\n\u001b[2m    \u001b[0m \u001b[90m 269 |\u001b[39m     expect(\u001b[0m\u001b[22m\n\u001b[2m    \u001b[0m \u001b[90m 270 |\u001b[39m       orderByYear([{ year\u001b[33m:\u001b[39m \u001b[35m2002\u001b[39m }\u001b[33m,\u001b[39m { year\u001b[33m:\u001b[39m \u001b[35m1982\u001b[39m }\u001b[33m,\u001b[39m { year\u001b[33m:\u001b[39m \u001b[35m1995\u001b[39m }])\u001b[0m\u001b[22m\n\u001b[2m    \u001b[0m\u001b[31m\u001b[1m>\u001b[22m\u001b[2m\u001b[39m\u001b[90m 271 |\u001b[39m     )\u001b[33m.\u001b[39mtoEqual([{ year\u001b[33m:\u001b[39m \u001b[35m1982\u001b[39m }\u001b[33m,\u001b[39m { year\u001b[33m:\u001b[39m \u001b[35m1995\u001b[39m }\u001b[33m,\u001b[39m { year\u001b[33m:\u001b[39m \u001b[35m2002\u001b[39m }])\u001b[33m;\u001b[39m\u001b[0m\u001b[22m\n\u001b[2m    \u001b[0m \u001b[90m     |\u001b[39m       \u001b[31m\u001b[1m^\u001b[22m\u001b[2m\u001b[39m\u001b[0m\u001b[22m\n\u001b[2m    \u001b[0m \u001b[90m 272 |\u001b[39m   })\u001b[33m;\u001b[39m\u001b[0m\u001b[22m\n\u001b[2m    \u001b[0m \u001b[90m 273 |\u001b[39m\u001b[0m\u001b[22m\n\u001b[2m    \u001b[0m \u001b[90m 274 |\u001b[39m   it(\u001b[32m'should order movies with the same year by their title, alphabetically'\u001b[39m\u001b[33m,\u001b[39m () \u001b[33m=>\u001b[39m {\u001b[0m\u001b[22m\n\u001b[2m\u001b[22m\n\u001b[2m      \u001b[2mat Object.<anonymous> (\u001b[22m\u001b[2m\u001b[0m\u001b[36mtests/films.spec.js\u001b[39m\u001b[0m\u001b[2m:271:7)\u001b[22m\u001b[2m\u001b[22m\n\n\u001b[1m\u001b[31m  \u001b[1m● \u001b[22m\u001b[1mFunction \"orderByYear\" › should order movies with the same year by their title, alphabetically\u001b[39m\u001b[22m\n\n    \u001b[2mexpect(\u001b[22m\u001b[31mreceived\u001b[39m\u001b[2m).\u001b[22mtoEqual\u001b[2m(\u001b[22m\u001b[32mexpected\u001b[39m\u001b[2m) // deep equality\u001b[22m\n\n    Expected: \u001b[32m[{\"title\": \"aab\", \"year\": 1982}, {\"title\": \"bac\", \"year\": 1982}, {\"title\": \"abc\", \"year\": 2002}]\u001b[39m\n    Received: \u001b[31mundefined\u001b[39m\n\u001b[2m\u001b[22m\n\u001b[2m    \u001b[0m \u001b[90m 279 |\u001b[39m         { title\u001b[33m:\u001b[39m \u001b[32m'aab'\u001b[39m\u001b[33m,\u001b[39m year\u001b[33m:\u001b[39m \u001b[35m1982\u001b[39m }\u001b[0m\u001b[22m\n\u001b[2m    \u001b[0m \u001b[90m 280 |\u001b[39m       ])\u001b[0m\u001b[22m\n\u001b[2m    \u001b[0m\u001b[31m\u001b[1m>\u001b[22m\u001b[2m\u001b[39m\u001b[90m 281 |\u001b[39m     )\u001b[33m.\u001b[39mtoEqual([\u001b[0m\u001b[22m\n\u001b[2m    \u001b[0m \u001b[90m     |\u001b[39m       \u001b[31m\u001b[1m^\u001b[22m\u001b[2m\u001b[39m\u001b[0m\u001b[22m\n\u001b[2m    \u001b[0m \u001b[90m 282 |\u001b[39m       { title\u001b[33m:\u001b[39m \u001b[32m'aab'\u001b[39m\u001b[33m,\u001b[39m year\u001b[33m:\u001b[39m \u001b[35m1982\u001b[39m }\u001b[33m,\u001b[39m\u001b[0m\u001b[22m\n\u001b[2m    \u001b[0m \u001b[90m 283 |\u001b[39m       { title\u001b[33m:\u001b[39m \u001b[32m'bac'\u001b[39m\u001b[33m,\u001b[39m year\u001b[33m:\u001b[39m \u001b[35m1982\u001b[39m }\u001b[33m,\u001b[39m\u001b[0m\u001b[22m\n\u001b[2m    \u001b[0m \u001b[90m 284 |\u001b[39m       { title\u001b[33m:\u001b[39m \u001b[32m'abc'\u001b[39m\u001b[33m,\u001b[39m year\u001b[33m:\u001b[39m \u001b[35m2002\u001b[39m }\u001b[0m\u001b[22m\n\u001b[2m\u001b[22m\n\u001b[2m      \u001b[2mat Object.<anonymous> (\u001b[22m\u001b[2m\u001b[0m\u001b[36mtests/films.spec.js\u001b[39m\u001b[0m\u001b[2m:281:7)\u001b[22m\u001b[2m\u001b[22m\n\n\u001b[1m\u001b[31m  \u001b[1m● \u001b[22m\u001b[1mFunction \"moviesAverageByCategory\" › should return a number\u001b[39m\u001b[22m\n\n    \u001b[2mexpect(\u001b[22m\u001b[31mreceived\u001b[39m\u001b[2m).\u001b[22mtoBe\u001b[2m(\u001b[22m\u001b[32mexpected\u001b[39m\u001b[2m) // Object.is equality\u001b[22m\n\n    Expected: \u001b[32m\"number\"\u001b[39m\n    Received: \u001b[31m\"undefined\"\u001b[39m\n\u001b[2m\u001b[22m\n\u001b[2m    \u001b[0m \u001b[90m 294 |\u001b[39m\u001b[0m\u001b[22m\n\u001b[2m    \u001b[0m \u001b[90m 295 |\u001b[39m   it(\u001b[32m'should return a number'\u001b[39m\u001b[33m,\u001b[39m () \u001b[33m=>\u001b[39m {\u001b[0m\u001b[22m\n\u001b[2m    \u001b[0m\u001b[31m\u001b[1m>\u001b[22m\u001b[2m\u001b[39m\u001b[90m 296 |\u001b[39m     expect(\u001b[36mtypeof\u001b[39m moviesAverageByCategory(movies\u001b[33m,\u001b[39m \u001b[32m'Drama'\u001b[39m))\u001b[33m.\u001b[39mtoBe(\u001b[32m'number'\u001b[39m)\u001b[33m;\u001b[39m\u001b[0m\u001b[22m\n\u001b[2m    \u001b[0m \u001b[90m     |\u001b[39m                                                             \u001b[31m\u001b[1m^\u001b[22m\u001b[2m\u001b[39m\u001b[0m\u001b[22m\n\u001b[2m    \u001b[0m \u001b[90m 297 |\u001b[39m   })\u001b[33m;\u001b[39m\u001b[0m\u001b[22m\n\u001b[2m    \u001b[0m \u001b[90m 298 |\u001b[39m\u001b[0m\u001b[22m\n\u001b[2m    \u001b[0m \u001b[90m 299 |\u001b[39m   it(\u001b[32m' should return the average score of 2 movies with score 7 each'\u001b[39m\u001b[33m,\u001b[39m () \u001b[33m=>\u001b[39m {\u001b[0m\u001b[22m\n\u001b[2m\u001b[22m\n\u001b[2m      \u001b[2mat Object.<anonymous> (\u001b[22m\u001b[2m\u001b[0m\u001b[36mtests/films.spec.js\u001b[39m\u001b[0m\u001b[2m:296:61)\u001b[22m\u001b[2m\u001b[22m\n\n\u001b[1m\u001b[31m  \u001b[1m● \u001b[22m\u001b[1mFunction \"moviesAverageByCategory\" ›  should return the average score of 2 movies with score 7 each\u001b[39m\u001b[22m\n\n    \u001b[2mexpect(\u001b[22m\u001b[31mreceived\u001b[39m\u001b[2m).\u001b[22mtoBe\u001b[2m(\u001b[22m\u001b[32mexpected\u001b[39m\u001b[2m) // Object.is equality\u001b[22m\n\n    Expected: \u001b[32m7\u001b[39m\n    Received: \u001b[31mundefined\u001b[39m\n\u001b[2m\u001b[22m\n\u001b[2m    \u001b[0m \u001b[90m 306 |\u001b[39m       }\u001b[0m\u001b[22m\n\u001b[2m    \u001b[0m \u001b[90m 307 |\u001b[39m     ]\u001b[33m,\u001b[39m\u001b[0m\u001b[22m\n\u001b[2m    \u001b[0m\u001b[31m\u001b[1m>\u001b[22m\u001b[2m\u001b[39m\u001b[90m 308 |\u001b[39m     \u001b[32m'Drama'\u001b[39m))\u001b[33m.\u001b[39mtoBe(\u001b[35m7\u001b[39m)\u001b[33m;\u001b[39m\u001b[0m\u001b[22m\n\u001b[2m    \u001b[0m \u001b[90m     |\u001b[39m               \u001b[31m\u001b[1m^\u001b[22m\u001b[2m\u001b[39m\u001b[0m\u001b[22m\n\u001b[2m    \u001b[0m \u001b[90m 309 |\u001b[39m   })\u001b[33m;\u001b[39m\u001b[0m\u001b[22m\n\u001b[2m    \u001b[0m \u001b[90m 310 |\u001b[39m\u001b[0m\u001b[22m\n\u001b[2m    \u001b[0m \u001b[90m 311 |\u001b[39m   it(\u001b[32m'should be rounded to 2 decimals places'\u001b[39m\u001b[33m,\u001b[39m () \u001b[33m=>\u001b[39m {\u001b[0m\u001b[22m\n\u001b[2m\u001b[22m\n\u001b[2m      \u001b[2mat Object.<anonymous> (\u001b[22m\u001b[2m\u001b[0m\u001b[36mtests/films.spec.js\u001b[39m\u001b[0m\u001b[2m:308:15)\u001b[22m\u001b[2m\u001b[22m\n\n\u001b[1m\u001b[31m  \u001b[1m● \u001b[22m\u001b[1mFunction \"moviesAverageByCategory\" › should be rounded to 2 decimals places\u001b[39m\u001b[22m\n\n    \u001b[2mexpect(\u001b[22m\u001b[31mreceived\u001b[39m\u001b[2m).\u001b[22mtoBe\u001b[2m(\u001b[22m\u001b[32mexpected\u001b[39m\u001b[2m) // Object.is equality\u001b[22m\n\n    Expected: \u001b[32m6.5\u001b[39m\n    Received: \u001b[31mundefined\u001b[39m\n\u001b[2m\u001b[22m\n\u001b[2m    \u001b[0m \u001b[90m 318 |\u001b[39m       }\u001b[0m\u001b[22m\n\u001b[2m    \u001b[0m \u001b[90m 319 |\u001b[39m     ]\u001b[33m,\u001b[39m\u001b[0m\u001b[22m\n\u001b[2m    \u001b[0m\u001b[31m\u001b[1m>\u001b[22m\u001b[2m\u001b[39m\u001b[90m 320 |\u001b[39m     \u001b[32m'Drama'\u001b[39m))\u001b[33m.\u001b[39mtoBe(\u001b[35m6.50\u001b[39m)\u001b[33m;\u001b[39m\u001b[0m\u001b[22m\n\u001b[2m    \u001b[0m \u001b[90m     |\u001b[39m               \u001b[31m\u001b[1m^\u001b[22m\u001b[2m\u001b[39m\u001b[0m\u001b[22m\n\u001b[2m    \u001b[0m \u001b[90m 321 |\u001b[39m   })\u001b[33m;\u001b[39m\u001b[0m\u001b[22m\n\u001b[2m    \u001b[0m \u001b[90m 322 |\u001b[39m\u001b[0m\u001b[22m\n\u001b[2m    \u001b[0m \u001b[90m 323 |\u001b[39m   it(\u001b[32m'should not take into consideration films of other category'\u001b[39m\u001b[33m,\u001b[39m () \u001b[33m=>\u001b[39m {\u001b[0m\u001b[22m\n\u001b[2m\u001b[22m\n\u001b[2m      \u001b[2mat Object.<anonymous> (\u001b[22m\u001b[2m\u001b[0m\u001b[36mtests/films.spec.js\u001b[39m\u001b[0m\u001b[2m:320:15)\u001b[22m\u001b[2m\u001b[22m\n\n\u001b[1m\u001b[31m  \u001b[1m● \u001b[22m\u001b[1mFunction \"moviesAverageByCategory\" › should not take into consideration films of other category\u001b[39m\u001b[22m\n\n    \u001b[2mexpect(\u001b[22m\u001b[31mreceived\u001b[39m\u001b[2m).\u001b[22mtoBe\u001b[2m(\u001b[22m\u001b[32mexpected\u001b[39m\u001b[2m) // Object.is equality\u001b[22m\n\n    Expected: \u001b[32m10\u001b[39m\n    Received: \u001b[31mundefined\u001b[39m\n\u001b[2m\u001b[22m\n\u001b[2m    \u001b[0m \u001b[90m 333 |\u001b[39m       }\u001b[0m\u001b[22m\n\u001b[2m    \u001b[0m \u001b[90m 334 |\u001b[39m     ]\u001b[33m,\u001b[39m\u001b[0m\u001b[22m\n\u001b[2m    \u001b[0m\u001b[31m\u001b[1m>\u001b[22m\u001b[2m\u001b[39m\u001b[90m 335 |\u001b[39m     \u001b[32m'Action'\u001b[39m))\u001b[33m.\u001b[39mtoBe(\u001b[35m10\u001b[39m)\u001b[33m;\u001b[39m\u001b[0m\u001b[22m\n\u001b[2m    \u001b[0m \u001b[90m     |\u001b[39m                \u001b[31m\u001b[1m^\u001b[22m\u001b[2m\u001b[39m\u001b[0m\u001b[22m\n\u001b[2m    \u001b[0m \u001b[90m 336 |\u001b[39m   })\u001b[33m;\u001b[39m\u001b[0m\u001b[22m\n\u001b[2m    \u001b[0m \u001b[90m 337 |\u001b[39m\u001b[0m\u001b[22m\n\u001b[2m    \u001b[0m \u001b[90m 338 |\u001b[39m   \u001b[90m/* Bug fixing, to review \u001b[39m\u001b[0m\u001b[22m\n\u001b[2m\u001b[22m\n\u001b[2m      \u001b[2mat Object.<anonymous> (\u001b[22m\u001b[2m\u001b[0m\u001b[36mtests/films.spec.js\u001b[39m\u001b[0m\u001b[2m:335:16)\u001b[22m\u001b[2m\u001b[22m\n\n\u001b[1m\u001b[31m  \u001b[1m● \u001b[22m\u001b[1mFunction \"moviesAverageByCategory\" › should return average even if one of the movies does not have score\u001b[39m\u001b[22m\n\n    \u001b[2mexpect(\u001b[22m\u001b[31mreceived\u001b[39m\u001b[2m).\u001b[22mtoBe\u001b[2m(\u001b[22m\u001b[32mexpected\u001b[39m\u001b[2m) // Object.is equality\u001b[22m\n\n    Expected: \u001b[32m5\u001b[39m\n    Received: \u001b[31mundefined\u001b[39m\n\u001b[2m\u001b[22m\n\u001b[2m    \u001b[0m \u001b[90m 350 |\u001b[39m       }\u001b[0m\u001b[22m\n\u001b[2m    \u001b[0m \u001b[90m 351 |\u001b[39m     ]\u001b[33m,\u001b[39m\u001b[0m\u001b[22m\n\u001b[2m    \u001b[0m\u001b[31m\u001b[1m>\u001b[22m\u001b[2m\u001b[39m\u001b[90m 352 |\u001b[39m     \u001b[32m'Action'\u001b[39m))\u001b[33m.\u001b[39mtoBe(\u001b[35m5\u001b[39m)\u001b[33m;\u001b[39m\u001b[0m\u001b[22m\n\u001b[2m    \u001b[0m \u001b[90m     |\u001b[39m                \u001b[31m\u001b[1m^\u001b[22m\u001b[2m\u001b[39m\u001b[0m\u001b[22m\n\u001b[2m    \u001b[0m \u001b[90m 353 |\u001b[39m   })\u001b[33m;\u001b[39m\u001b[0m\u001b[22m\n\u001b[2m    \u001b[0m \u001b[90m 354 |\u001b[39m\u001b[0m\u001b[22m\n\u001b[2m    \u001b[0m \u001b[90m 355 |\u001b[39m })\u001b[33m;\u001b[39m\u001b[0m\u001b[22m\n\u001b[2m\u001b[22m\n\u001b[2m      \u001b[2mat Object.<anonymous> (\u001b[22m\u001b[2m\u001b[0m\u001b[36mtests/films.spec.js\u001b[39m\u001b[0m\u001b[2m:352:16)\u001b[22m\u001b[2m\u001b[22m\n\n\u001b[1m\u001b[31m  \u001b[1m● \u001b[22m\u001b[1mFunction \"hoursToMinutes\" › should return an array\u001b[39m\u001b[22m\n\n    \u001b[2mexpect(\u001b[22m\u001b[31mreceived\u001b[39m\u001b[2m).\u001b[22mtoBe\u001b[2m(\u001b[22m\u001b[32mexpected\u001b[39m\u001b[2m) // Object.is equality\u001b[22m\n\n    Expected: \u001b[32mtrue\u001b[39m\n    Received: \u001b[31mfalse\u001b[39m\n\u001b[2m\u001b[22m\n\u001b[2m    \u001b[0m \u001b[90m 362 |\u001b[39m\u001b[0m\u001b[22m\n\u001b[2m    \u001b[0m \u001b[90m 363 |\u001b[39m   it(\u001b[32m'should return an array'\u001b[39m\u001b[33m,\u001b[39m () \u001b[33m=>\u001b[39m {\u001b[0m\u001b[22m\n\u001b[2m    \u001b[0m\u001b[31m\u001b[1m>\u001b[22m\u001b[2m\u001b[39m\u001b[90m 364 |\u001b[39m     expect(hoursToMinutes(movies) \u001b[36minstanceof\u001b[39m \u001b[33mArray\u001b[39m)\u001b[33m.\u001b[39mtoBe(\u001b[36mtrue\u001b[39m)\u001b[33m;\u001b[39m\u001b[0m\u001b[22m\n\u001b[2m    \u001b[0m \u001b[90m     |\u001b[39m                                                     \u001b[31m\u001b[1m^\u001b[22m\u001b[2m\u001b[39m\u001b[0m\u001b[22m\n\u001b[2m    \u001b[0m \u001b[90m 365 |\u001b[39m   })\u001b[33m;\u001b[39m\u001b[0m\u001b[22m\n\u001b[2m    \u001b[0m \u001b[90m 366 |\u001b[39m\u001b[0m\u001b[22m\n\u001b[2m    \u001b[0m \u001b[90m 367 |\u001b[39m   it(\u001b[32m'should return a new array, not update the original one'\u001b[39m\u001b[33m,\u001b[39m () \u001b[33m=>\u001b[39m {\u001b[0m\u001b[22m\n\u001b[2m\u001b[22m\n\u001b[2m      \u001b[2mat Object.<anonymous> (\u001b[22m\u001b[2m\u001b[0m\u001b[36mtests/films.spec.js\u001b[39m\u001b[0m\u001b[2m:364:53)\u001b[22m\u001b[2m\u001b[22m\n\n\u001b[1m\u001b[31m  \u001b[1m● \u001b[22m\u001b[1mFunction \"hoursToMinutes\" › should return an array of movies with duration as a number\u001b[39m\u001b[22m\n\n    TypeError: Cannot read property '0' of undefined\n\u001b[2m\u001b[22m\n\u001b[2m    \u001b[0m \u001b[90m 370 |\u001b[39m\u001b[0m\u001b[22m\n\u001b[2m    \u001b[0m \u001b[90m 371 |\u001b[39m   it(\u001b[32m'should return an array of movies with duration as a number'\u001b[39m\u001b[33m,\u001b[39m () \u001b[33m=>\u001b[39m {\u001b[0m\u001b[22m\n\u001b[2m    \u001b[0m\u001b[31m\u001b[1m>\u001b[22m\u001b[2m\u001b[39m\u001b[90m 372 |\u001b[39m     expect(\u001b[36mtypeof\u001b[39m hoursToMinutes(movies)[\u001b[35m0\u001b[39m]\u001b[33m.\u001b[39mduration)\u001b[33m.\u001b[39mtoBe(\u001b[32m'number'\u001b[39m)\u001b[33m;\u001b[39m\u001b[0m\u001b[22m\n\u001b[2m    \u001b[0m \u001b[90m     |\u001b[39m                                         \u001b[31m\u001b[1m^\u001b[22m\u001b[2m\u001b[39m\u001b[0m\u001b[22m\n\u001b[2m    \u001b[0m \u001b[90m 373 |\u001b[39m   })\u001b[33m;\u001b[39m\u001b[0m\u001b[22m\n\u001b[2m    \u001b[0m \u001b[90m 374 |\u001b[39m\u001b[0m\u001b[22m\n\u001b[2m    \u001b[0m \u001b[90m 375 |\u001b[39m   it(\u001b[32m'should return an array of movies with the correct duration for a 31 minute movie'\u001b[39m\u001b[33m,\u001b[39m () \u001b[33m=>\u001b[39m {\u001b[0m\u001b[22m\n\u001b[2m\u001b[22m\n\u001b[2m      \u001b[2mat Object.<anonymous> (\u001b[22m\u001b[2m\u001b[0m\u001b[36mtests/films.spec.js\u001b[39m\u001b[0m\u001b[2m:372:41)\u001b[22m\u001b[2m\u001b[22m\n\n\u001b[1m\u001b[31m  \u001b[1m● \u001b[22m\u001b[1mFunction \"hoursToMinutes\" › should return an array of movies with the correct duration for a 31 minute movie\u001b[39m\u001b[22m\n\n    TypeError: Cannot read property '0' of undefined\n\u001b[2m\u001b[22m\n\u001b[2m    \u001b[0m \u001b[90m 375 |\u001b[39m   it(\u001b[32m'should return an array of movies with the correct duration for a 31 minute movie'\u001b[39m\u001b[33m,\u001b[39m () \u001b[33m=>\u001b[39m {\u001b[0m\u001b[22m\n\u001b[2m    \u001b[0m \u001b[90m 376 |\u001b[39m     \u001b[36mconst\u001b[39m movieTry \u001b[33m=\u001b[39m [{ duration\u001b[33m:\u001b[39m \u001b[32m'0h 31min'\u001b[39m }]\u001b[33m;\u001b[39m\u001b[0m\u001b[22m\n\u001b[2m    \u001b[0m\u001b[31m\u001b[1m>\u001b[22m\u001b[2m\u001b[39m\u001b[90m 377 |\u001b[39m     expect(hoursToMinutes(movieTry)[\u001b[35m0\u001b[39m]\u001b[33m.\u001b[39mduration)\u001b[33m.\u001b[39mtoBe(\u001b[35m31\u001b[39m)\u001b[33m;\u001b[39m\u001b[0m\u001b[22m\n\u001b[2m    \u001b[0m \u001b[90m     |\u001b[39m                                    \u001b[31m\u001b[1m^\u001b[22m\u001b[2m\u001b[39m\u001b[0m\u001b[22m\n\u001b[2m    \u001b[0m \u001b[90m 378 |\u001b[39m   })\u001b[33m;\u001b[39m\u001b[0m\u001b[22m\n\u001b[2m    \u001b[0m \u001b[90m 379 |\u001b[39m\u001b[0m\u001b[22m\n\u001b[2m    \u001b[0m \u001b[90m 380 |\u001b[39m   it(\u001b[32m'should return an array of movies with the correct duration for a 341 minute movie'\u001b[39m\u001b[33m,\u001b[39m () \u001b[33m=>\u001b[39m {\u001b[0m\u001b[22m\n\u001b[2m\u001b[22m\n\u001b[2m      \u001b[2mat Object.<anonymous> (\u001b[22m\u001b[2m\u001b[0m\u001b[36mtests/films.spec.js\u001b[39m\u001b[0m\u001b[2m:377:36)\u001b[22m\u001b[2m\u001b[22m\n\n\u001b[1m\u001b[31m  \u001b[1m● \u001b[22m\u001b[1mFunction \"hoursToMinutes\" › should return an array of movies with the correct duration for a 341 minute movie\u001b[39m\u001b[22m\n\n    TypeError: Cannot read property '0' of undefined\n\u001b[2m\u001b[22m\n\u001b[2m    \u001b[0m \u001b[90m 380 |\u001b[39m   it(\u001b[32m'should return an array of movies with the correct duration for a 341 minute movie'\u001b[39m\u001b[33m,\u001b[39m () \u001b[33m=>\u001b[39m {\u001b[0m\u001b[22m\n\u001b[2m    \u001b[0m \u001b[90m 381 |\u001b[39m     \u001b[36mconst\u001b[39m movieTry \u001b[33m=\u001b[39m [{ duration\u001b[33m:\u001b[39m \u001b[32m'5h 41min'\u001b[39m }]\u001b[33m;\u001b[39m\u001b[0m\u001b[22m\n\u001b[2m    \u001b[0m\u001b[31m\u001b[1m>\u001b[22m\u001b[2m\u001b[39m\u001b[90m 382 |\u001b[39m     expect(hoursToMinutes(movieTry)[\u001b[35m0\u001b[39m]\u001b[33m.\u001b[39mduration)\u001b[33m.\u001b[39mtoBe(\u001b[35m341\u001b[39m)\u001b[33m;\u001b[39m\u001b[0m\u001b[22m\n\u001b[2m    \u001b[0m \u001b[90m     |\u001b[39m                                    \u001b[31m\u001b[1m^\u001b[22m\u001b[2m\u001b[39m\u001b[0m\u001b[22m\n\u001b[2m    \u001b[0m \u001b[90m 383 |\u001b[39m   })\u001b[33m;\u001b[39m\u001b[0m\u001b[22m\n\u001b[2m    \u001b[0m \u001b[90m 384 |\u001b[39m\u001b[0m\u001b[22m\n\u001b[2m    \u001b[0m \u001b[90m 385 |\u001b[39m   it(\u001b[32m'should return an array of movies with the correct duration for a 2 hour movie'\u001b[39m\u001b[33m,\u001b[39m () \u001b[33m=>\u001b[39m {\u001b[0m\u001b[22m\n\u001b[2m\u001b[22m\n\u001b[2m      \u001b[2mat Object.<anonymous> (\u001b[22m\u001b[2m\u001b[0m\u001b[36mtests/films.spec.js\u001b[39m\u001b[0m\u001b[2m:382:36)\u001b[22m\u001b[2m\u001b[22m\n\n\u001b[1m\u001b[31m  \u001b[1m● \u001b[22m\u001b[1mFunction \"hoursToMinutes\" › should return an array of movies with the correct duration for a 2 hour movie\u001b[39m\u001b[22m\n\n    TypeError: Cannot read property '0' of undefined\n\u001b[2m\u001b[22m\n\u001b[2m    \u001b[0m \u001b[90m 385 |\u001b[39m   it(\u001b[32m'should return an array of movies with the correct duration for a 2 hour movie'\u001b[39m\u001b[33m,\u001b[39m () \u001b[33m=>\u001b[39m {\u001b[0m\u001b[22m\n\u001b[2m    \u001b[0m \u001b[90m 386 |\u001b[39m     \u001b[36mconst\u001b[39m movieTry \u001b[33m=\u001b[39m [{ duration\u001b[33m:\u001b[39m \u001b[32m'2h'\u001b[39m }]\u001b[33m;\u001b[39m\u001b[0m\u001b[22m\n\u001b[2m    \u001b[0m\u001b[31m\u001b[1m>\u001b[22m\u001b[2m\u001b[39m\u001b[90m 387 |\u001b[39m     expect(hoursToMinutes(movieTry)[\u001b[35m0\u001b[39m]\u001b[33m.\u001b[39mduration)\u001b[33m.\u001b[39mtoBe(\u001b[35m120\u001b[39m)\u001b[33m;\u001b[39m\u001b[0m\u001b[22m\n\u001b[2m    \u001b[0m \u001b[90m     |\u001b[39m                                    \u001b[31m\u001b[1m^\u001b[22m\u001b[2m\u001b[39m\u001b[0m\u001b[22m\n\u001b[2m    \u001b[0m \u001b[90m 388 |\u001b[39m   })\u001b[33m;\u001b[39m\u001b[0m\u001b[22m\n\u001b[2m    \u001b[0m \u001b[90m 389 |\u001b[39m })\u001b[33m;\u001b[39m\u001b[0m\u001b[22m\n\u001b[2m    \u001b[0m \u001b[90m 390 |\u001b[39m\u001b[0m\u001b[22m\n\u001b[2m\u001b[22m\n\u001b[2m      \u001b[2mat Object.<anonymous> (\u001b[22m\u001b[2m\u001b[0m\u001b[36mtests/films.spec.js\u001b[39m\u001b[0m\u001b[2m:387:36)\u001b[22m\u001b[2m\u001b[22m\n\n\u001b[1m\u001b[31m  \u001b[1m● \u001b[22m\u001b[1mFunction \"bestFilmOfYear\" › should return an array\u001b[39m\u001b[22m\n\n    \u001b[2mexpect(\u001b[22m\u001b[31mreceived\u001b[39m\u001b[2m).\u001b[22mtoBe\u001b[2m(\u001b[22m\u001b[32mexpected\u001b[39m\u001b[2m) // Object.is equality\u001b[22m\n\n    Expected: \u001b[32mtrue\u001b[39m\n    Received: \u001b[31mfalse\u001b[39m\n\u001b[2m\u001b[22m\n\u001b[2m    \u001b[0m \u001b[90m 396 |\u001b[39m\u001b[0m\u001b[22m\n\u001b[2m    \u001b[0m \u001b[90m 397 |\u001b[39m   it(\u001b[32m'should return an array'\u001b[39m\u001b[33m,\u001b[39m () \u001b[33m=>\u001b[39m {\u001b[0m\u001b[22m\n\u001b[2m    \u001b[0m\u001b[31m\u001b[1m>\u001b[22m\u001b[2m\u001b[39m\u001b[90m 398 |\u001b[39m     expect(bestFilmOfYear(movies\u001b[33m,\u001b[39m \u001b[35m1999\u001b[39m) \u001b[36minstanceof\u001b[39m \u001b[33mArray\u001b[39m)\u001b[33m.\u001b[39mtoBe(\u001b[36mtrue\u001b[39m)\u001b[33m;\u001b[39m\u001b[0m\u001b[22m\n\u001b[2m    \u001b[0m \u001b[90m     |\u001b[39m                                                           \u001b[31m\u001b[1m^\u001b[22m\u001b[2m\u001b[39m\u001b[0m\u001b[22m\n\u001b[2m    \u001b[0m \u001b[90m 399 |\u001b[39m   })\u001b[33m;\u001b[39m\u001b[0m\u001b[22m\n\u001b[2m    \u001b[0m \u001b[90m 400 |\u001b[39m\u001b[0m\u001b[22m\n\u001b[2m    \u001b[0m \u001b[90m 401 |\u001b[39m   it(\u001b[32m'should return a new array, not update the original one'\u001b[39m\u001b[33m,\u001b[39m () \u001b[33m=>\u001b[39m {\u001b[0m\u001b[22m\n\u001b[2m\u001b[22m\n\u001b[2m      \u001b[2mat Object.<anonymous> (\u001b[22m\u001b[2m\u001b[0m\u001b[36mtests/films.spec.js\u001b[39m\u001b[0m\u001b[2m:398:59)\u001b[22m\u001b[2m\u001b[22m\n\n\u001b[1m\u001b[31m  \u001b[1m● \u001b[22m\u001b[1mFunction \"bestFilmOfYear\" › should return the best film of a year, searching in an array\u001b[39m\u001b[22m\n\n    \u001b[2mexpect(\u001b[22m\u001b[31mreceived\u001b[39m\u001b[2m).\u001b[22mtoEqual\u001b[2m(\u001b[22m\u001b[32mexpected\u001b[39m\u001b[2m) // deep equality\u001b[22m\n\n    Expected: \u001b[32m[{\"director\": \"Stanley Kubrick\", \"duration\": \"1h 28min\", \"genre\": [\"Drama\", \"War\"], \"score\": 10, \"title\": \"Film1\", \"year\": 1957}]\u001b[39m\n    Received: \u001b[31mundefined\u001b[39m\n\u001b[2m\u001b[22m\n\u001b[2m    \u001b[0m \u001b[90m 430 |\u001b[39m       }\u001b[33m,\u001b[39m\u001b[0m\u001b[22m\n\u001b[2m    \u001b[0m \u001b[90m 431 |\u001b[39m     ]\u001b[33m;\u001b[39m\u001b[0m\u001b[22m\n\u001b[2m    \u001b[0m\u001b[31m\u001b[1m>\u001b[22m\u001b[2m\u001b[39m\u001b[90m 432 |\u001b[39m     expect(bestFilmOfYear(testArr\u001b[33m,\u001b[39m \u001b[35m1957\u001b[39m))\u001b[33m.\u001b[39mtoEqual([\u001b[0m\u001b[22m\n\u001b[2m    \u001b[0m \u001b[90m     |\u001b[39m                                           \u001b[31m\u001b[1m^\u001b[22m\u001b[2m\u001b[39m\u001b[0m\u001b[22m\n\u001b[2m    \u001b[0m \u001b[90m 433 |\u001b[39m       {\u001b[0m\u001b[22m\n\u001b[2m    \u001b[0m \u001b[90m 434 |\u001b[39m         title\u001b[33m:\u001b[39m \u001b[32m'Film1'\u001b[39m\u001b[33m,\u001b[39m\u001b[0m\u001b[22m\n\u001b[2m    \u001b[0m \u001b[90m 435 |\u001b[39m         year\u001b[33m:\u001b[39m \u001b[35m1957\u001b[39m\u001b[33m,\u001b[39m\u001b[0m\u001b[22m\n\u001b[2m\u001b[22m\n\u001b[2m      \u001b[2mat Object.<anonymous> (\u001b[22m\u001b[2m\u001b[0m\u001b[36mtests/films.spec.js\u001b[39m\u001b[0m\u001b[2m:432:43)\u001b[22m\u001b[2m\u001b[22m\n"
    }
  ],
  "wasInterrupted": false
}